<?xml version="1.0" encoding="UTF-8"?>
<testsuite xmlns:xsi="http://www.w3.org/2001/XMLSchema-instance" xsi:noNamespaceSchemaLocation="https://maven.apache.org/surefire/maven-surefire-plugin/xsd/surefire-test-report.xsd" name="ReceiverAppTest" time="2.619" tests="1" errors="1" skipped="0" failures="0">
  <properties>
[...]
</properties>
  <testcase name="sinkSenderTester" classname="ReceiverAppTest" time="0.115">
    <error message="error occurred in message handler [org.springframework.integration.amqp.outbound.AmqpOutboundEndpoint@49122b8f]; nested exception is org.springframework.amqp.AmqpConnectException: java.net.ConnectException: Connection refused (Connection refused)" type="org.springframework.messaging.MessageHandlingException">org.springframework.messaging.MessageHandlingException: error occurred in message handler [org.springframework.integration.amqp.outbound.AmqpOutboundEndpoint@49122b8f]; nested exception is org.springframework.amqp.AmqpConnectException: java.net.ConnectException: Connection refused (Connection refused)
	at ReceiverAppTest.sinkSenderTester(ReceiverAppTest.java:24)
Caused by: org.springframework.amqp.AmqpConnectException: java.net.ConnectException: Connection refused (Connection refused)
	at ReceiverAppTest.sinkSenderTester(ReceiverAppTest.java:24)
Caused by: java.net.ConnectException: Connection refused (Connection refused)
	at ReceiverAppTest.sinkSenderTester(ReceiverAppTest.java:24)
</error>
    <system-out><![CDATA[16:17:11.921 [main] DEBUG org.springframework.test.context.junit4.SpringJUnit4ClassRunner - SpringJUnit4ClassRunner constructor called with [class ReceiverAppTest]
16:17:11.929 [main] DEBUG org.springframework.test.context.BootstrapUtils - Instantiating CacheAwareContextLoaderDelegate from class [org.springframework.test.context.cache.DefaultCacheAwareContextLoaderDelegate]
16:17:11.936 [main] DEBUG org.springframework.test.context.BootstrapUtils - Instantiating BootstrapContext using constructor [public org.springframework.test.context.support.DefaultBootstrapContext(java.lang.Class,org.springframework.test.context.CacheAwareContextLoaderDelegate)]
16:17:11.949 [main] DEBUG org.springframework.test.context.BootstrapUtils - Instantiating TestContextBootstrapper for test class [ReceiverAppTest] from class [org.springframework.test.context.support.DefaultTestContextBootstrapper]
16:17:11.960 [main] INFO org.springframework.test.context.support.DefaultTestContextBootstrapper - Neither @ContextConfiguration nor @ContextHierarchy found for test class [ReceiverAppTest], using DelegatingSmartContextLoader
16:17:11.962 [main] DEBUG org.springframework.test.context.support.AbstractDelegatingSmartContextLoader - Delegating to GenericXmlContextLoader to process context configuration [ContextConfigurationAttributes@4232c52b declaringClass = 'ReceiverAppTest', classes = '{}', locations = '{}', inheritLocations = false, initializers = '{}', inheritInitializers = true, name = [null], contextLoaderClass = 'org.springframework.test.context.ContextLoader'].
16:17:11.965 [main] DEBUG org.springframework.test.context.support.AbstractContextLoader - Did not detect default resource location for test class [ReceiverAppTest]: class path resource [ReceiverAppTest-context.xml] does not exist
16:17:11.965 [main] INFO org.springframework.test.context.support.AbstractContextLoader - Could not detect default resource locations for test class [ReceiverAppTest]: no resource found for suffixes {-context.xml}.
16:17:11.965 [main] DEBUG org.springframework.test.context.support.AbstractDelegatingSmartContextLoader - Delegating to AnnotationConfigContextLoader to process context configuration [ContextConfigurationAttributes@4232c52b declaringClass = 'ReceiverAppTest', classes = '{}', locations = '{}', inheritLocations = false, initializers = '{}', inheritInitializers = true, name = [null], contextLoaderClass = 'org.springframework.test.context.ContextLoader'].
16:17:11.966 [main] DEBUG org.springframework.test.context.support.AnnotationConfigContextLoaderUtils - Ignoring class [ReceiverAppTest$SinkSender]; it must be static, non-private, non-final, and annotated with @Configuration to be considered a default configuration class.
16:17:11.966 [main] INFO org.springframework.test.context.support.AnnotationConfigContextLoaderUtils - Could not detect default configuration classes for test class [ReceiverAppTest]: ReceiverAppTest does not declare any static, non-private, non-final, nested classes annotated with @Configuration.
16:17:12.027 [main] DEBUG org.springframework.test.context.support.ActiveProfilesUtils - Could not find an 'annotation declaring class' for annotation type [org.springframework.test.context.ActiveProfiles] and class [ReceiverAppTest]
16:17:12.027 [main] DEBUG org.springframework.test.context.support.DefaultTestContextBootstrapper - @TestExecutionListeners is not present for class [ReceiverAppTest]: using defaults.
16:17:12.028 [main] INFO org.springframework.test.context.support.DefaultTestContextBootstrapper - Loaded default TestExecutionListener class names from location [META-INF/spring.factories]: [org.springframework.boot.test.mock.mockito.MockitoTestExecutionListener, org.springframework.boot.test.mock.mockito.ResetMocksTestExecutionListener, org.springframework.boot.test.autoconfigure.restdocs.RestDocsTestExecutionListener, org.springframework.boot.test.autoconfigure.web.client.MockRestServiceServerResetTestExecutionListener, org.springframework.boot.test.autoconfigure.web.servlet.MockMvcPrintOnlyOnFailureTestExecutionListener, org.springframework.boot.test.autoconfigure.web.servlet.WebDriverTestExecutionListener, org.springframework.test.context.web.ServletTestExecutionListener, org.springframework.test.context.support.DirtiesContextBeforeModesTestExecutionListener, org.springframework.test.context.support.DependencyInjectionTestExecutionListener, org.springframework.test.context.support.DirtiesContextTestExecutionListener, org.springframework.test.context.transaction.TransactionalTestExecutionListener, org.springframework.test.context.jdbc.SqlScriptsTestExecutionListener]
16:17:12.035 [main] DEBUG org.springframework.test.context.support.DefaultTestContextBootstrapper - Skipping candidate TestExecutionListener [org.springframework.test.context.web.ServletTestExecutionListener] due to a missing dependency. Specify custom listener classes or make the default listener classes and their required dependencies available. Offending class: [javax/servlet/ServletContext]
16:17:12.152 [main] INFO org.springframework.test.context.support.DefaultTestContextBootstrapper - Using TestExecutionListeners: [org.springframework.test.context.support.DirtiesContextBeforeModesTestExecutionListener@3d680b5a, org.springframework.boot.test.mock.mockito.MockitoTestExecutionListener@4b5d6a01, org.springframework.test.context.support.DependencyInjectionTestExecutionListener@4a22f9e2, org.springframework.test.context.support.DirtiesContextTestExecutionListener@3c419631, org.springframework.test.context.transaction.TransactionalTestExecutionListener@418e7838, org.springframework.test.context.jdbc.SqlScriptsTestExecutionListener@61230f6a, org.springframework.boot.test.mock.mockito.ResetMocksTestExecutionListener@3c130745, org.springframework.boot.test.autoconfigure.restdocs.RestDocsTestExecutionListener@cd3fee8, org.springframework.boot.test.autoconfigure.web.client.MockRestServiceServerResetTestExecutionListener@3e2e18f2, org.springframework.boot.test.autoconfigure.web.servlet.MockMvcPrintOnlyOnFailureTestExecutionListener@470f1802, org.springframework.boot.test.autoconfigure.web.servlet.WebDriverTestExecutionListener@63021689]
16:17:12.153 [main] DEBUG org.springframework.test.annotation.ProfileValueUtils - Retrieved @ProfileValueSourceConfiguration [null] for test class [ReceiverAppTest]
16:17:12.154 [main] DEBUG org.springframework.test.annotation.ProfileValueUtils - Retrieved ProfileValueSource type [class org.springframework.test.annotation.SystemProfileValueSource] for class [ReceiverAppTest]
16:17:12.155 [main] DEBUG org.springframework.test.annotation.ProfileValueUtils - Retrieved @ProfileValueSourceConfiguration [null] for test class [ReceiverAppTest]
16:17:12.155 [main] DEBUG org.springframework.test.annotation.ProfileValueUtils - Retrieved ProfileValueSource type [class org.springframework.test.annotation.SystemProfileValueSource] for class [ReceiverAppTest]
16:17:12.156 [main] DEBUG org.springframework.test.annotation.ProfileValueUtils - Retrieved @ProfileValueSourceConfiguration [null] for test class [ReceiverAppTest]
16:17:12.156 [main] DEBUG org.springframework.test.annotation.ProfileValueUtils - Retrieved ProfileValueSource type [class org.springframework.test.annotation.SystemProfileValueSource] for class [ReceiverAppTest]
16:17:12.158 [main] DEBUG org.springframework.test.context.support.AbstractDirtiesContextTestExecutionListener - Before test class: context [DefaultTestContext@9225652 testClass = ReceiverAppTest, testInstance = [null], testMethod = [null], testException = [null], mergedContextConfiguration = [MergedContextConfiguration@654f0d9c testClass = ReceiverAppTest, locations = '{}', classes = '{}', contextInitializerClasses = '[]', activeProfiles = '{}', propertySourceLocations = '{}', propertySourceProperties = '{}', contextCustomizers = set[[ImportsContextCustomizer@6a400542 key = [@org.springframework.stereotype.Indexed(), @org.springframework.integration.config.EnableIntegration(), @org.springframework.context.annotation.Import(value=[class org.springframework.integration.config.IntegrationRegistrar]), @org.springframework.context.annotation.Configuration(value=), @org.springframework.stereotype.Component(value=), @org.junit.runner.RunWith(value=class org.springframework.test.context.junit4.SpringRunner), @org.springframework.cloud.stream.annotation.EnableBinding(value=[interface ReceiverAppTest$SinkSender]), @org.springframework.context.annotation.Import(value=[class org.springframework.cloud.stream.config.BindingServiceConfiguration, class org.springframework.cloud.stream.config.BindingBeansRegistrar, class org.springframework.cloud.stream.config.BinderFactoryConfiguration])]], org.springframework.boot.test.context.filter.ExcludeFilterContextCustomizer@4d1b0d2a, org.springframework.boot.test.json.DuplicateJsonObjectContextCustomizerFactory$DuplicateJsonObjectContextCustomizer@646007f4, org.springframework.boot.test.mock.mockito.MockitoContextCustomizer@0, org.springframework.boot.test.autoconfigure.properties.PropertyMappingContextCustomizer@0, org.springframework.boot.test.autoconfigure.web.servlet.WebDriverContextCustomizerFactory$Customizer@8b87145], contextLoader = 'org.springframework.test.context.support.DelegatingSmartContextLoader', parent = [null]], attributes = map[[empty]]], class annotated with @DirtiesContext [false] with mode [null].
16:17:12.158 [main] DEBUG org.springframework.test.annotation.ProfileValueUtils - Retrieved @ProfileValueSourceConfiguration [null] for test class [ReceiverAppTest]
16:17:12.158 [main] DEBUG org.springframework.test.annotation.ProfileValueUtils - Retrieved ProfileValueSource type [class org.springframework.test.annotation.SystemProfileValueSource] for class [ReceiverAppTest]
16:17:12.161 [main] DEBUG org.springframework.test.context.support.DependencyInjectionTestExecutionListener - Performing dependency injection for test context [[DefaultTestContext@9225652 testClass = ReceiverAppTest, testInstance = ReceiverAppTest@76508ed1, testMethod = [null], testException = [null], mergedContextConfiguration = [MergedContextConfiguration@654f0d9c testClass = ReceiverAppTest, locations = '{}', classes = '{}', contextInitializerClasses = '[]', activeProfiles = '{}', propertySourceLocations = '{}', propertySourceProperties = '{}', contextCustomizers = set[[ImportsContextCustomizer@6a400542 key = [@org.springframework.stereotype.Indexed(), @org.springframework.integration.config.EnableIntegration(), @org.springframework.context.annotation.Import(value=[class org.springframework.integration.config.IntegrationRegistrar]), @org.springframework.context.annotation.Configuration(value=), @org.springframework.stereotype.Component(value=), @org.junit.runner.RunWith(value=class org.springframework.test.context.junit4.SpringRunner), @org.springframework.cloud.stream.annotation.EnableBinding(value=[interface ReceiverAppTest$SinkSender]), @org.springframework.context.annotation.Import(value=[class org.springframework.cloud.stream.config.BindingServiceConfiguration, class org.springframework.cloud.stream.config.BindingBeansRegistrar, class org.springframework.cloud.stream.config.BinderFactoryConfiguration])]], org.springframework.boot.test.context.filter.ExcludeFilterContextCustomizer@4d1b0d2a, org.springframework.boot.test.json.DuplicateJsonObjectContextCustomizerFactory$DuplicateJsonObjectContextCustomizer@646007f4, org.springframework.boot.test.mock.mockito.MockitoContextCustomizer@0, org.springframework.boot.test.autoconfigure.properties.PropertyMappingContextCustomizer@0, org.springframework.boot.test.autoconfigure.web.servlet.WebDriverContextCustomizerFactory$Customizer@8b87145], contextLoader = 'org.springframework.test.context.support.DelegatingSmartContextLoader', parent = [null]], attributes = map[[empty]]]].
16:17:12.162 [main] DEBUG org.springframework.test.context.support.AbstractDelegatingSmartContextLoader - Delegating to AnnotationConfigContextLoader to load context from [MergedContextConfiguration@654f0d9c testClass = ReceiverAppTest, locations = '{}', classes = '{}', contextInitializerClasses = '[]', activeProfiles = '{}', propertySourceLocations = '{}', propertySourceProperties = '{}', contextCustomizers = set[[ImportsContextCustomizer@6a400542 key = [@org.springframework.stereotype.Indexed(), @org.springframework.integration.config.EnableIntegration(), @org.springframework.context.annotation.Import(value=[class org.springframework.integration.config.IntegrationRegistrar]), @org.springframework.context.annotation.Configuration(value=), @org.springframework.stereotype.Component(value=), @org.junit.runner.RunWith(value=class org.springframework.test.context.junit4.SpringRunner), @org.springframework.cloud.stream.annotation.EnableBinding(value=[interface ReceiverAppTest$SinkSender]), @org.springframework.context.annotation.Import(value=[class org.springframework.cloud.stream.config.BindingServiceConfiguration, class org.springframework.cloud.stream.config.BindingBeansRegistrar, class org.springframework.cloud.stream.config.BinderFactoryConfiguration])]], org.springframework.boot.test.context.filter.ExcludeFilterContextCustomizer@4d1b0d2a, org.springframework.boot.test.json.DuplicateJsonObjectContextCustomizerFactory$DuplicateJsonObjectContextCustomizer@646007f4, org.springframework.boot.test.mock.mockito.MockitoContextCustomizer@0, org.springframework.boot.test.autoconfigure.properties.PropertyMappingContextCustomizer@0, org.springframework.boot.test.autoconfigure.web.servlet.WebDriverContextCustomizerFactory$Customizer@8b87145], contextLoader = 'org.springframework.test.context.support.DelegatingSmartContextLoader', parent = [null]].
16:17:12.162 [main] DEBUG org.springframework.test.context.support.AbstractGenericContextLoader - Loading ApplicationContext for merged context configuration [[MergedContextConfiguration@654f0d9c testClass = ReceiverAppTest, locations = '{}', classes = '{}', contextInitializerClasses = '[]', activeProfiles = '{}', propertySourceLocations = '{}', propertySourceProperties = '{}', contextCustomizers = set[[ImportsContextCustomizer@6a400542 key = [@org.springframework.stereotype.Indexed(), @org.springframework.integration.config.EnableIntegration(), @org.springframework.context.annotation.Import(value=[class org.springframework.integration.config.IntegrationRegistrar]), @org.springframework.context.annotation.Configuration(value=), @org.springframework.stereotype.Component(value=), @org.junit.runner.RunWith(value=class org.springframework.test.context.junit4.SpringRunner), @org.springframework.cloud.stream.annotation.EnableBinding(value=[interface ReceiverAppTest$SinkSender]), @org.springframework.context.annotation.Import(value=[class org.springframework.cloud.stream.config.BindingServiceConfiguration, class org.springframework.cloud.stream.config.BindingBeansRegistrar, class org.springframework.cloud.stream.config.BinderFactoryConfiguration])]], org.springframework.boot.test.context.filter.ExcludeFilterContextCustomizer@4d1b0d2a, org.springframework.boot.test.json.DuplicateJsonObjectContextCustomizerFactory$DuplicateJsonObjectContextCustomizer@646007f4, org.springframework.boot.test.mock.mockito.MockitoContextCustomizer@0, org.springframework.boot.test.autoconfigure.properties.PropertyMappingContextCustomizer@0, org.springframework.boot.test.autoconfigure.web.servlet.WebDriverContextCustomizerFactory$Customizer@8b87145], contextLoader = 'org.springframework.test.context.support.DelegatingSmartContextLoader', parent = [null]]].
16:17:12.191 [main] DEBUG org.springframework.core.env.StandardEnvironment - Adding PropertySource 'systemProperties' with lowest search precedence
16:17:12.191 [main] DEBUG org.springframework.core.env.StandardEnvironment - Adding PropertySource 'systemEnvironment' with lowest search precedence
16:17:12.192 [main] DEBUG org.springframework.core.env.StandardEnvironment - Initialized StandardEnvironment with PropertySources [MapPropertySource@1118078504 {name='systemProperties', properties={java.runtime.name=Java(TM) SE Runtime Environment, sun.boot.library.path=/Library/Java/JavaVirtualMachines/jdk1.8.0_251.jdk/Contents/Home/jre/lib, java.vm.version=25.251-b08, gopherProxySet=false, java.vm.vendor=Oracle Corporation, java.vendor.url=http://java.oracle.com/, path.separator=:, java.vm.name=Java HotSpot(TM) 64-Bit Server VM, file.encoding.pkg=sun.io, user.country=CN, sun.java.launcher=SUN_STANDARD, sun.os.patch.level=unknown, java.vm.specification.name=Java Virtual Machine Specification, user.dir=/Users/erlong/IdeaProjects/springboot-cloud/cloud-mq-consumer, java.runtime.version=1.8.0_251-b08, basedir=/Users/erlong/IdeaProjects/springboot-cloud/cloud-mq-consumer, java.awt.graphicsenv=sun.awt.CGraphicsEnvironment, java.endorsed.dirs=/Library/Java/JavaVirtualMachines/jdk1.8.0_251.jdk/Contents/Home/jre/lib/endorsed, os.arch=x86_64, surefire.real.class.path=/Users/erlong/IdeaProjects/springboot-cloud/cloud-mq-consumer/target/surefire/surefirebooter1701363674269558037.jar, java.io.tmpdir=/var/folders/81/l5gtz_nj7jv7fgm0nwrwwvlw0000gn/T/, line.separator=
, java.vm.specification.vendor=Oracle Corporation, os.name=Mac OS X, sun.jnu.encoding=UTF-8, java.library.path=/Users/erlong/Library/Java/Extensions:/Library/Java/Extensions:/Network/Library/Java/Extensions:/System/Library/Java/Extensions:/usr/lib/java:., surefire.test.class.path=/Users/erlong/IdeaProjects/springboot-cloud/cloud-mq-consumer/target/test-classes:/Users/erlong/IdeaProjects/springboot-cloud/cloud-mq-consumer/target/classes:/Users/erlong/.m2/repository/org/springframework/boot/spring-boot-starter-test/2.0.1.RELEASE/spring-boot-starter-test-2.0.1.RELEASE.jar:/Users/erlong/.m2/repository/org/springframework/boot/spring-boot-starter/2.0.1.RELEASE/spring-boot-starter-2.0.1.RELEASE.jar:/Users/erlong/.m2/repository/org/springframework/boot/spring-boot/2.0.1.RELEASE/spring-boot-2.0.1.RELEASE.jar:/Users/erlong/.m2/repository/org/springframework/spring-context/5.0.5.RELEASE/spring-context-5.0.5.RELEASE.jar:/Users/erlong/.m2/repository/org/springframework/spring-beans/5.0.5.RELEASE/spring-beans-5.0.5.RELEASE.jar:/Users/erlong/.m2/repository/org/springframework/spring-expression/5.0.5.RELEASE/spring-expression-5.0.5.RELEASE.jar:/Users/erlong/.m2/repository/org/springframework/boot/spring-boot-autoconfigure/2.0.1.RELEASE/spring-boot-autoconfigure-2.0.1.RELEASE.jar:/Users/erlong/.m2/repository/javax/annotation/javax.annotation-api/1.3.2/javax.annotation-api-1.3.2.jar:/Users/erlong/.m2/repository/org/yaml/snakeyaml/1.19/snakeyaml-1.19.jar:/Users/erlong/.m2/repository/org/springframework/boot/spring-boot-test/2.0.1.RELEASE/spring-boot-test-2.0.1.RELEASE.jar:/Users/erlong/.m2/repository/org/springframework/boot/spring-boot-test-autoconfigure/2.0.1.RELEASE/spring-boot-test-autoconfigure-2.0.1.RELEASE.jar:/Users/erlong/.m2/repository/com/jayway/jsonpath/json-path/2.4.0/json-path-2.4.0.jar:/Users/erlong/.m2/repository/net/minidev/json-smart/2.3/json-smart-2.3.jar:/Users/erlong/.m2/repository/net/minidev/accessors-smart/1.2/accessors-smart-1.2.jar:/Users/erlong/.m2/repository/org/ow2/asm/asm/5.0.4/asm-5.0.4.jar:/Users/erlong/.m2/repository/org/slf4j/slf4j-api/1.7.25/slf4j-api-1.7.25.jar:/Users/erlong/.m2/repository/junit/junit/4.12/junit-4.12.jar:/Users/erlong/.m2/repository/org/assertj/assertj-core/3.9.1/assertj-core-3.9.1.jar:/Users/erlong/.m2/repository/org/mockito/mockito-core/2.15.0/mockito-core-2.15.0.jar:/Users/erlong/.m2/repository/net/bytebuddy/byte-buddy/1.7.11/byte-buddy-1.7.11.jar:/Users/erlong/.m2/repository/net/bytebuddy/byte-buddy-agent/1.7.11/byte-buddy-agent-1.7.11.jar:/Users/erlong/.m2/repository/org/objenesis/objenesis/2.6/objenesis-2.6.jar:/Users/erlong/.m2/repository/org/hamcrest/hamcrest-core/1.3/hamcrest-core-1.3.jar:/Users/erlong/.m2/repository/org/hamcrest/hamcrest-library/1.3/hamcrest-library-1.3.jar:/Users/erlong/.m2/repository/org/skyscreamer/jsonassert/1.5.0/jsonassert-1.5.0.jar:/Users/erlong/.m2/repository/com/vaadin/external/google/android-json/0.0.20131108.vaadin1/android-json-0.0.20131108.vaadin1.jar:/Users/erlong/.m2/repository/org/springframework/spring-core/5.0.5.RELEASE/spring-core-5.0.5.RELEASE.jar:/Users/erlong/.m2/repository/org/springframework/spring-jcl/5.0.5.RELEASE/spring-jcl-5.0.5.RELEASE.jar:/Users/erlong/.m2/repository/org/springframework/spring-test/5.0.5.RELEASE/spring-test-5.0.5.RELEASE.jar:/Users/erlong/.m2/repository/org/xmlunit/xmlunit-core/2.5.1/xmlunit-core-2.5.1.jar:/Users/erlong/.m2/repository/org/springframework/boot/spring-boot-starter-logging/2.0.1.RELEASE/spring-boot-starter-logging-2.0.1.RELEASE.jar:/Users/erlong/.m2/repository/ch/qos/logback/logback-classic/1.2.3/logback-classic-1.2.3.jar:/Users/erlong/.m2/repository/ch/qos/logback/logback-core/1.2.3/logback-core-1.2.3.jar:/Users/erlong/.m2/repository/org/apache/logging/log4j/log4j-to-slf4j/2.10.0/log4j-to-slf4j-2.10.0.jar:/Users/erlong/.m2/repository/org/apache/logging/log4j/log4j-api/2.10.0/log4j-api-2.10.0.jar:/Users/erlong/.m2/repository/org/slf4j/jul-to-slf4j/1.7.25/jul-to-slf4j-1.7.25.jar:/Users/erlong/.m2/repository/org/springframework/cloud/spring-cloud-starter-stream-rabbit/2.0.1.RELEASE/spring-cloud-starter-stream-rabbit-2.0.1.RELEASE.jar:/Users/erlong/.m2/repository/org/springframework/cloud/spring-cloud-stream-binder-rabbit/2.0.1.RELEASE/spring-cloud-stream-binder-rabbit-2.0.1.RELEASE.jar:/Users/erlong/.m2/repository/org/springframework/cloud/spring-cloud-stream-binder-rabbit-core/2.0.1.RELEASE/spring-cloud-stream-binder-rabbit-core-2.0.1.RELEASE.jar:/Users/erlong/.m2/repository/com/rabbitmq/http-client/2.0.1.RELEASE/http-client-2.0.1.RELEASE.jar:/Users/erlong/.m2/repository/org/springframework/spring-web/5.0.5.RELEASE/spring-web-5.0.5.RELEASE.jar:/Users/erlong/.m2/repository/org/springframework/spring-webflux/5.0.5.RELEASE/spring-webflux-5.0.5.RELEASE.jar:/Users/erlong/.m2/repository/org/apache/httpcomponents/httpclient/4.5.5/httpclient-4.5.5.jar:/Users/erlong/.m2/repository/org/apache/httpcomponents/httpcore/4.4.9/httpcore-4.4.9.jar:/Users/erlong/.m2/repository/commons-codec/commons-codec/1.11/commons-codec-1.11.jar:/Users/erlong/.m2/repository/com/fasterxml/jackson/core/jackson-databind/2.9.5/jackson-databind-2.9.5.jar:/Users/erlong/.m2/repository/com/fasterxml/jackson/core/jackson-annotations/2.9.0/jackson-annotations-2.9.0.jar:/Users/erlong/.m2/repository/com/fasterxml/jackson/core/jackson-core/2.9.5/jackson-core-2.9.5.jar:/Users/erlong/.m2/repository/io/projectreactor/ipc/reactor-netty/0.7.6.RELEASE/reactor-netty-0.7.6.RELEASE.jar:/Users/erlong/.m2/repository/io/netty/netty-codec-http/4.1.23.Final/netty-codec-http-4.1.23.Final.jar:/Users/erlong/.m2/repository/io/netty/netty-codec/4.1.23.Final/netty-codec-4.1.23.Final.jar:/Users/erlong/.m2/repository/io/netty/netty-handler/4.1.23.Final/netty-handler-4.1.23.Final.jar:/Users/erlong/.m2/repository/io/netty/netty-buffer/4.1.23.Final/netty-buffer-4.1.23.Final.jar:/Users/erlong/.m2/repository/io/netty/netty-transport/4.1.23.Final/netty-transport-4.1.23.Final.jar:/Users/erlong/.m2/repository/io/netty/netty-resolver/4.1.23.Final/netty-resolver-4.1.23.Final.jar:/Users/erlong/.m2/repository/io/netty/netty-handler-proxy/4.1.23.Final/netty-handler-proxy-4.1.23.Final.jar:/Users/erlong/.m2/repository/io/netty/netty-codec-socks/4.1.23.Final/netty-codec-socks-4.1.23.Final.jar:/Users/erlong/.m2/repository/io/netty/netty-transport-native-epoll/4.1.23.Final/netty-transport-native-epoll-4.1.23.Final.jar:/Users/erlong/.m2/repository/io/netty/netty-common/4.1.23.Final/netty-common-4.1.23.Final.jar:/Users/erlong/.m2/repository/io/netty/netty-transport-native-unix-common/4.1.23.Final/netty-transport-native-unix-common-4.1.23.Final.jar:/Users/erlong/.m2/repository/org/springframework/cloud/spring-cloud-stream/2.0.1.RELEASE/spring-cloud-stream-2.0.1.RELEASE.jar:/Users/erlong/.m2/repository/org/springframework/boot/spring-boot-starter-validation/2.0.1.RELEASE/spring-boot-starter-validation-2.0.1.RELEASE.jar:/Users/erlong/.m2/repository/org/apache/tomcat/embed/tomcat-embed-el/8.5.29/tomcat-embed-el-8.5.29.jar:/Users/erlong/.m2/repository/org/hibernate/validator/hibernate-validator/6.0.9.Final/hibernate-validator-6.0.9.Final.jar:/Users/erlong/.m2/repository/javax/validation/validation-api/2.0.1.Final/validation-api-2.0.1.Final.jar:/Users/erlong/.m2/repository/org/jboss/logging/jboss-logging/3.3.2.Final/jboss-logging-3.3.2.Final.jar:/Users/erlong/.m2/repository/com/fasterxml/classmate/1.3.4/classmate-1.3.4.jar:/Users/erlong/.m2/repository/org/springframework/spring-messaging/5.0.5.RELEASE/spring-messaging-5.0.5.RELEASE.jar:/Users/erlong/.m2/repository/org/springframework/spring-tuple/1.0.0.RELEASE/spring-tuple-1.0.0.RELEASE.jar:/Users/erlong/.m2/repository/com/esotericsoftware/kryo-shaded/3.0.3/kryo-shaded-3.0.3.jar:/Users/erlong/.m2/repository/com/esotericsoftware/minlog/1.3.0/minlog-1.3.0.jar:/Users/erlong/.m2/repository/org/springframework/integration/spring-integration-tuple/1.0.0.RELEASE/spring-integration-tuple-1.0.0.RELEASE.jar:/Users/erlong/.m2/repository/org/springframework/retry/spring-retry/1.2.2.RELEASE/spring-retry-1.2.2.RELEASE.jar:/Users/erlong/.m2/repository/org/springframework/boot/spring-boot-starter-amqp/2.0.1.RELEASE/spring-boot-starter-amqp-2.0.1.RELEASE.jar:/Users/erlong/.m2/repository/org/springframework/amqp/spring-rabbit/2.0.3.RELEASE/spring-rabbit-2.0.3.RELEASE.jar:/Users/erlong/.m2/repository/org/springframework/amqp/spring-amqp/2.0.3.RELEASE/spring-amqp-2.0.3.RELEASE.jar:/Users/erlong/.m2/repository/com/rabbitmq/amqp-client/5.1.2/amqp-client-5.1.2.jar:/Users/erlong/.m2/repository/org/springframework/integration/spring-integration-amqp/5.0.4.RELEASE/spring-integration-amqp-5.0.4.RELEASE.jar:/Users/erlong/.m2/repository/org/springframework/integration/spring-integration-core/5.0.4.RELEASE/spring-integration-core-5.0.4.RELEASE.jar:/Users/erlong/.m2/repository/org/springframework/spring-aop/5.0.5.RELEASE/spring-aop-5.0.5.RELEASE.jar:/Users/erlong/.m2/repository/org/springframework/spring-tx/5.0.5.RELEASE/spring-tx-5.0.5.RELEASE.jar:/Users/erlong/.m2/repository/io/projectreactor/reactor-core/3.1.6.RELEASE/reactor-core-3.1.6.RELEASE.jar:/Users/erlong/.m2/repository/org/reactivestreams/reactive-streams/1.0.2/reactive-streams-1.0.2.jar:/Users/erlong/.m2/repository/org/springframework/integration/spring-integration-jmx/5.0.4.RELEASE/spring-integration-jmx-5.0.4.RELEASE.jar:/Users/erlong/.m2/repository/org/projectlombok/lombok/1.18.10/lombok-1.18.10.jar:, java.specification.name=Java Platform API Specification, java.class.version=52.0, sun.management.compiler=HotSpot 64-Bit Tiered Compilers, os.version=10.15.4, http.nonProxyHosts=local|*.local|169.254/16|*.169.254/16, user.home=/Users/erlong, user.timezone=Asia/Shanghai, java.awt.printerjob=sun.lwawt.macosx.CPrinterJob, file.encoding=UTF-8, java.specification.version=1.8, idea.version2019.2.4=true, java.class.path=/Users/erlong/IdeaProjects/springboot-cloud/cloud-mq-consumer/target/test-classes:/Users/erlong/IdeaProjects/springboot-cloud/cloud-mq-consumer/target/classes:/Users/erlong/.m2/repository/org/springframework/boot/spring-boot-starter-test/2.0.1.RELEASE/spring-boot-starter-test-2.0.1.RELEASE.jar:/Users/erlong/.m2/repository/org/springframework/boot/spring-boot-starter/2.0.1.RELEASE/spring-boot-starter-2.0.1.RELEASE.jar:/Users/erlong/.m2/repository/org/springframework/boot/spring-boot/2.0.1.RELEASE/spring-boot-2.0.1.RELEASE.jar:/Users/erlong/.m2/repository/org/springframework/spring-context/5.0.5.RELEASE/spring-context-5.0.5.RELEASE.jar:/Users/erlong/.m2/repository/org/springframework/spring-beans/5.0.5.RELEASE/spring-beans-5.0.5.RELEASE.jar:/Users/erlong/.m2/repository/org/springframework/spring-expression/5.0.5.RELEASE/spring-expression-5.0.5.RELEASE.jar:/Users/erlong/.m2/repository/org/springframework/boot/spring-boot-autoconfigure/2.0.1.RELEASE/spring-boot-autoconfigure-2.0.1.RELEASE.jar:/Users/erlong/.m2/repository/javax/annotation/javax.annotation-api/1.3.2/javax.annotation-api-1.3.2.jar:/Users/erlong/.m2/repository/org/yaml/snakeyaml/1.19/snakeyaml-1.19.jar:/Users/erlong/.m2/repository/org/springframework/boot/spring-boot-test/2.0.1.RELEASE/spring-boot-test-2.0.1.RELEASE.jar:/Users/erlong/.m2/repository/org/springframework/boot/spring-boot-test-autoconfigure/2.0.1.RELEASE/spring-boot-test-autoconfigure-2.0.1.RELEASE.jar:/Users/erlong/.m2/repository/com/jayway/jsonpath/json-path/2.4.0/json-path-2.4.0.jar:/Users/erlong/.m2/repository/net/minidev/json-smart/2.3/json-smart-2.3.jar:/Users/erlong/.m2/repository/net/minidev/accessors-smart/1.2/accessors-smart-1.2.jar:/Users/erlong/.m2/repository/org/ow2/asm/asm/5.0.4/asm-5.0.4.jar:/Users/erlong/.m2/repository/org/slf4j/slf4j-api/1.7.25/slf4j-api-1.7.25.jar:/Users/erlong/.m2/repository/junit/junit/4.12/junit-4.12.jar:/Users/erlong/.m2/repository/org/assertj/assertj-core/3.9.1/assertj-core-3.9.1.jar:/Users/erlong/.m2/repository/org/mockito/mockito-core/2.15.0/mockito-core-2.15.0.jar:/Users/erlong/.m2/repository/net/bytebuddy/byte-buddy/1.7.11/byte-buddy-1.7.11.jar:/Users/erlong/.m2/repository/net/bytebuddy/byte-buddy-agent/1.7.11/byte-buddy-agent-1.7.11.jar:/Users/erlong/.m2/repository/org/objenesis/objenesis/2.6/objenesis-2.6.jar:/Users/erlong/.m2/repository/org/hamcrest/hamcrest-core/1.3/hamcrest-core-1.3.jar:/Users/erlong/.m2/repository/org/hamcrest/hamcrest-library/1.3/hamcrest-library-1.3.jar:/Users/erlong/.m2/repository/org/skyscreamer/jsonassert/1.5.0/jsonassert-1.5.0.jar:/Users/erlong/.m2/repository/com/vaadin/external/google/android-json/0.0.20131108.vaadin1/android-json-0.0.20131108.vaadin1.jar:/Users/erlong/.m2/repository/org/springframework/spring-core/5.0.5.RELEASE/spring-core-5.0.5.RELEASE.jar:/Users/erlong/.m2/repository/org/springframework/spring-jcl/5.0.5.RELEASE/spring-jcl-5.0.5.RELEASE.jar:/Users/erlong/.m2/repository/org/springframework/spring-test/5.0.5.RELEASE/spring-test-5.0.5.RELEASE.jar:/Users/erlong/.m2/repository/org/xmlunit/xmlunit-core/2.5.1/xmlunit-core-2.5.1.jar:/Users/erlong/.m2/repository/org/springframework/boot/spring-boot-starter-logging/2.0.1.RELEASE/spring-boot-starter-logging-2.0.1.RELEASE.jar:/Users/erlong/.m2/repository/ch/qos/logback/logback-classic/1.2.3/logback-classic-1.2.3.jar:/Users/erlong/.m2/repository/ch/qos/logback/logback-core/1.2.3/logback-core-1.2.3.jar:/Users/erlong/.m2/repository/org/apache/logging/log4j/log4j-to-slf4j/2.10.0/log4j-to-slf4j-2.10.0.jar:/Users/erlong/.m2/repository/org/apache/logging/log4j/log4j-api/2.10.0/log4j-api-2.10.0.jar:/Users/erlong/.m2/repository/org/slf4j/jul-to-slf4j/1.7.25/jul-to-slf4j-1.7.25.jar:/Users/erlong/.m2/repository/org/springframework/cloud/spring-cloud-starter-stream-rabbit/2.0.1.RELEASE/spring-cloud-starter-stream-rabbit-2.0.1.RELEASE.jar:/Users/erlong/.m2/repository/org/springframework/cloud/spring-cloud-stream-binder-rabbit/2.0.1.RELEASE/spring-cloud-stream-binder-rabbit-2.0.1.RELEASE.jar:/Users/erlong/.m2/repository/org/springframework/cloud/spring-cloud-stream-binder-rabbit-core/2.0.1.RELEASE/spring-cloud-stream-binder-rabbit-core-2.0.1.RELEASE.jar:/Users/erlong/.m2/repository/com/rabbitmq/http-client/2.0.1.RELEASE/http-client-2.0.1.RELEASE.jar:/Users/erlong/.m2/repository/org/springframework/spring-web/5.0.5.RELEASE/spring-web-5.0.5.RELEASE.jar:/Users/erlong/.m2/repository/org/springframework/spring-webflux/5.0.5.RELEASE/spring-webflux-5.0.5.RELEASE.jar:/Users/erlong/.m2/repository/org/apache/httpcomponents/httpclient/4.5.5/httpclient-4.5.5.jar:/Users/erlong/.m2/repository/org/apache/httpcomponents/httpcore/4.4.9/httpcore-4.4.9.jar:/Users/erlong/.m2/repository/commons-codec/commons-codec/1.11/commons-codec-1.11.jar:/Users/erlong/.m2/repository/com/fasterxml/jackson/core/jackson-databind/2.9.5/jackson-databind-2.9.5.jar:/Users/erlong/.m2/repository/com/fasterxml/jackson/core/jackson-annotations/2.9.0/jackson-annotations-2.9.0.jar:/Users/erlong/.m2/repository/com/fasterxml/jackson/core/jackson-core/2.9.5/jackson-core-2.9.5.jar:/Users/erlong/.m2/repository/io/projectreactor/ipc/reactor-netty/0.7.6.RELEASE/reactor-netty-0.7.6.RELEASE.jar:/Users/erlong/.m2/repository/io/netty/netty-codec-http/4.1.23.Final/netty-codec-http-4.1.23.Final.jar:/Users/erlong/.m2/repository/io/netty/netty-codec/4.1.23.Final/netty-codec-4.1.23.Final.jar:/Users/erlong/.m2/repository/io/netty/netty-handler/4.1.23.Final/netty-handler-4.1.23.Final.jar:/Users/erlong/.m2/repository/io/netty/netty-buffer/4.1.23.Final/netty-buffer-4.1.23.Final.jar:/Users/erlong/.m2/repository/io/netty/netty-transport/4.1.23.Final/netty-transport-4.1.23.Final.jar:/Users/erlong/.m2/repository/io/netty/netty-resolver/4.1.23.Final/netty-resolver-4.1.23.Final.jar:/Users/erlong/.m2/repository/io/netty/netty-handler-proxy/4.1.23.Final/netty-handler-proxy-4.1.23.Final.jar:/Users/erlong/.m2/repository/io/netty/netty-codec-socks/4.1.23.Final/netty-codec-socks-4.1.23.Final.jar:/Users/erlong/.m2/repository/io/netty/netty-transport-native-epoll/4.1.23.Final/netty-transport-native-epoll-4.1.23.Final.jar:/Users/erlong/.m2/repository/io/netty/netty-common/4.1.23.Final/netty-common-4.1.23.Final.jar:/Users/erlong/.m2/repository/io/netty/netty-transport-native-unix-common/4.1.23.Final/netty-transport-native-unix-common-4.1.23.Final.jar:/Users/erlong/.m2/repository/org/springframework/cloud/spring-cloud-stream/2.0.1.RELEASE/spring-cloud-stream-2.0.1.RELEASE.jar:/Users/erlong/.m2/repository/org/springframework/boot/spring-boot-starter-validation/2.0.1.RELEASE/spring-boot-starter-validation-2.0.1.RELEASE.jar:/Users/erlong/.m2/repository/org/apache/tomcat/embed/tomcat-embed-el/8.5.29/tomcat-embed-el-8.5.29.jar:/Users/erlong/.m2/repository/org/hibernate/validator/hibernate-validator/6.0.9.Final/hibernate-validator-6.0.9.Final.jar:/Users/erlong/.m2/repository/javax/validation/validation-api/2.0.1.Final/validation-api-2.0.1.Final.jar:/Users/erlong/.m2/repository/org/jboss/logging/jboss-logging/3.3.2.Final/jboss-logging-3.3.2.Final.jar:/Users/erlong/.m2/repository/com/fasterxml/classmate/1.3.4/classmate-1.3.4.jar:/Users/erlong/.m2/repository/org/springframework/spring-messaging/5.0.5.RELEASE/spring-messaging-5.0.5.RELEASE.jar:/Users/erlong/.m2/repository/org/springframework/spring-tuple/1.0.0.RELEASE/spring-tuple-1.0.0.RELEASE.jar:/Users/erlong/.m2/repository/com/esotericsoftware/kryo-shaded/3.0.3/kryo-shaded-3.0.3.jar:/Users/erlong/.m2/repository/com/esotericsoftware/minlog/1.3.0/minlog-1.3.0.jar:/Users/erlong/.m2/repository/org/springframework/integration/spring-integration-tuple/1.0.0.RELEASE/spring-integration-tuple-1.0.0.RELEASE.jar:/Users/erlong/.m2/repository/org/springframework/retry/spring-retry/1.2.2.RELEASE/spring-retry-1.2.2.RELEASE.jar:/Users/erlong/.m2/repository/org/springframework/boot/spring-boot-starter-amqp/2.0.1.RELEASE/spring-boot-starter-amqp-2.0.1.RELEASE.jar:/Users/erlong/.m2/repository/org/springframework/amqp/spring-rabbit/2.0.3.RELEASE/spring-rabbit-2.0.3.RELEASE.jar:/Users/erlong/.m2/repository/org/springframework/amqp/spring-amqp/2.0.3.RELEASE/spring-amqp-2.0.3.RELEASE.jar:/Users/erlong/.m2/repository/com/rabbitmq/amqp-client/5.1.2/amqp-client-5.1.2.jar:/Users/erlong/.m2/repository/org/springframework/integration/spring-integration-amqp/5.0.4.RELEASE/spring-integration-amqp-5.0.4.RELEASE.jar:/Users/erlong/.m2/repository/org/springframework/integration/spring-integration-core/5.0.4.RELEASE/spring-integration-core-5.0.4.RELEASE.jar:/Users/erlong/.m2/repository/org/springframework/spring-aop/5.0.5.RELEASE/spring-aop-5.0.5.RELEASE.jar:/Users/erlong/.m2/repository/org/springframework/spring-tx/5.0.5.RELEASE/spring-tx-5.0.5.RELEASE.jar:/Users/erlong/.m2/repository/io/projectreactor/reactor-core/3.1.6.RELEASE/reactor-core-3.1.6.RELEASE.jar:/Users/erlong/.m2/repository/org/reactivestreams/reactive-streams/1.0.2/reactive-streams-1.0.2.jar:/Users/erlong/.m2/repository/org/springframework/integration/spring-integration-jmx/5.0.4.RELEASE/spring-integration-jmx-5.0.4.RELEASE.jar:/Users/erlong/.m2/repository/org/projectlombok/lombok/1.18.10/lombok-1.18.10.jar:, user.name=erlong, java.vm.specification.version=1.8, sun.java.command=/Users/erlong/IdeaProjects/springboot-cloud/cloud-mq-consumer/target/surefire/surefirebooter1701363674269558037.jar /Users/erlong/IdeaProjects/springboot-cloud/cloud-mq-consumer/target/surefire 2020-06-30T16-17-03_449-jvmRun1 surefire3675240761112887395tmp surefire_02388200077514069156tmp, java.home=/Library/Java/JavaVirtualMachines/jdk1.8.0_251.jdk/Contents/Home/jre, sun.arch.data.model=64, user.language=zh, java.specification.vendor=Oracle Corporation, awt.toolkit=sun.lwawt.macosx.LWCToolkit, java.vm.info=mixed mode, java.version=1.8.0_251, java.ext.dirs=/Users/erlong/Library/Java/Extensions:/Library/Java/JavaVirtualMachines/jdk1.8.0_251.jdk/Contents/Home/jre/lib/ext:/Library/Java/Extensions:/Network/Library/Java/Extensions:/System/Library/Java/Extensions:/usr/lib/java, sun.boot.class.path=/Library/Java/JavaVirtualMachines/jdk1.8.0_251.jdk/Contents/Home/jre/lib/resources.jar:/Library/Java/JavaVirtualMachines/jdk1.8.0_251.jdk/Contents/Home/jre/lib/rt.jar:/Library/Java/JavaVirtualMachines/jdk1.8.0_251.jdk/Contents/Home/jre/lib/sunrsasign.jar:/Library/Java/JavaVirtualMachines/jdk1.8.0_251.jdk/Contents/Home/jre/lib/jsse.jar:/Library/Java/JavaVirtualMachines/jdk1.8.0_251.jdk/Contents/Home/jre/lib/jce.jar:/Library/Java/JavaVirtualMachines/jdk1.8.0_251.jdk/Contents/Home/jre/lib/charsets.jar:/Library/Java/JavaVirtualMachines/jdk1.8.0_251.jdk/Contents/Home/jre/lib/jfr.jar:/Library/Java/JavaVirtualMachines/jdk1.8.0_251.jdk/Contents/Home/jre/classes, java.vendor=Oracle Corporation, localRepository=/Users/erlong/.m2/repository, file.separator=/, java.vendor.url.bug=http://bugreport.sun.com/bugreport/, sun.io.unicode.encoding=UnicodeBig, sun.cpu.endian=little, socksNonProxyHosts=local|*.local|169.254/16|*.169.254/16, ftp.nonProxyHosts=local|*.local|169.254/16|*.169.254/16, sun.cpu.isalist=}}, SystemEnvironmentPropertySource@691690486 {name='systemEnvironment', properties={PATH=/usr/local/bin:/usr/bin:/bin:/usr/sbin:/sbin, SHELL=/bin/zsh, JAVA_MAIN_CLASS_69379=org.codehaus.classworlds.Launcher, OLDPWD=/Users/erlong/IdeaProjects/springboot-cloud/cloud-mq-consumer, USER=erlong, TMPDIR=/var/folders/81/l5gtz_nj7jv7fgm0nwrwwvlw0000gn/T/, SSH_AUTH_SOCK=/private/tmp/com.apple.launchd.wU7hIy7jrz/Listeners, XPC_FLAGS=0x0, JAVA_MAIN_CLASS_69387=org.apache.maven.surefire.booter.ForkedBooter, VERSIONER_PYTHON_VERSION=2.7, __CF_USER_TEXT_ENCODING=0x1F5:0x19:0x34, LOGNAME=erlong, LC_CTYPE=zh_CN.UTF-8, XPC_SERVICE_NAME=0, PWD=/Users/erlong/IdeaProjects/springboot-cloud/cloud-mq-consumer, HOME=/Users/erlong, SHLVL=1, _=/Library/Java/JavaVirtualMachines/jdk1.8.0_251.jdk/Contents/Home/jre/bin/java}}]
16:17:12.194 [main] DEBUG org.springframework.test.context.support.AnnotationConfigContextLoader - Registering annotated classes: {}
16:17:12.220 [main] INFO org.springframework.context.support.GenericApplicationContext - Refreshing org.springframework.context.support.GenericApplicationContext@6e171cd7: startup date [Tue Jun 30 16:17:12 CST 2020]; root of context hierarchy
16:17:12.220 [main] DEBUG org.springframework.context.support.GenericApplicationContext - Bean factory for org.springframework.context.support.GenericApplicationContext@6e171cd7: org.springframework.beans.factory.support.DefaultListableBeanFactory@1f2586d6: defining beans [org.springframework.context.annotation.internalConfigurationAnnotationProcessor,org.springframework.context.annotation.internalAutowiredAnnotationProcessor,org.springframework.context.annotation.internalRequiredAnnotationProcessor,org.springframework.context.annotation.internalCommonAnnotationProcessor,org.springframework.context.event.internalEventListenerProcessor,org.springframework.context.event.internalEventListenerFactory,org.springframework.boot.test.context.ImportsContextCustomizer$ImportsCleanupPostProcessor,org.springframework.boot.test.context.ImportsContextCustomizer$ImportsConfiguration,org.springframework.boot.test.mock.mockito.MockitoPostProcessor$SpyPostProcessor,org.springframework.boot.test.mock.mockito.MockitoPostProcessor]; root of factory hierarchy
16:17:12.238 [main] DEBUG org.springframework.beans.factory.support.DefaultListableBeanFactory - Creating shared instance of singleton bean 'org.springframework.context.annotation.internalConfigurationAnnotationProcessor'
16:17:12.238 [main] DEBUG org.springframework.beans.factory.support.DefaultListableBeanFactory - Creating instance of bean 'org.springframework.context.annotation.internalConfigurationAnnotationProcessor'
16:17:12.251 [main] DEBUG org.springframework.beans.factory.support.DefaultListableBeanFactory - Eagerly caching bean 'org.springframework.context.annotation.internalConfigurationAnnotationProcessor' to allow for resolving potential circular references
16:17:12.253 [main] DEBUG org.springframework.beans.factory.support.DefaultListableBeanFactory - Finished creating instance of bean 'org.springframework.context.annotation.internalConfigurationAnnotationProcessor'
16:17:12.323 [main] DEBUG org.springframework.context.annotation.ConfigurationClassBeanDefinitionReader - Registered bean definition for imported class 'org.springframework.cloud.stream.config.ContentTypeConfiguration'
16:17:12.324 [main] DEBUG org.springframework.context.annotation.ConfigurationClassBeanDefinitionReader - Registering bean definition for @Bean method org.springframework.cloud.stream.config.ContentTypeConfiguration.compositeMessageConverterFactory()
16:17:12.324 [main] DEBUG org.springframework.context.annotation.ConfigurationClassBeanDefinitionReader - Registering bean definition for @Bean method org.springframework.cloud.stream.config.ContentTypeConfiguration.integrationArgumentResolverMessageConverter()
16:17:12.326 [main] DEBUG org.springframework.context.annotation.ConfigurationClassBeanDefinitionReader - Registered bean definition for imported class 'org.springframework.cloud.stream.config.SpelExpressionConverterConfiguration'
16:17:12.326 [main] DEBUG org.springframework.context.annotation.ConfigurationClassBeanDefinitionReader - Registering bean definition for @Bean method org.springframework.cloud.stream.config.SpelExpressionConverterConfiguration.spelPropertyAccessorRegistrar()
16:17:12.326 [main] DEBUG org.springframework.context.annotation.ConfigurationClassBeanDefinitionReader - Registering bean definition for @Bean method org.springframework.cloud.stream.config.SpelExpressionConverterConfiguration.spelConverter()
16:17:12.328 [main] DEBUG org.springframework.context.annotation.ConfigurationClassBeanDefinitionReader - Registered bean definition for imported class 'org.springframework.cloud.stream.config.BindingServiceConfiguration'
16:17:12.328 [main] DEBUG org.springframework.context.annotation.ConfigurationClassBeanDefinitionReader - Registering bean definition for @Bean method org.springframework.cloud.stream.config.BindingServiceConfiguration.messageChannelStreamListenerResultAdapter()
16:17:12.328 [main] DEBUG org.springframework.context.annotation.ConfigurationClassBeanDefinitionReader - Registering bean definition for @Bean method org.springframework.cloud.stream.config.BindingServiceConfiguration.messageHandlerMethodFactory()
16:17:12.328 [main] DEBUG org.springframework.context.annotation.ConfigurationClassBeanDefinitionReader - Registering bean definition for @Bean method org.springframework.cloud.stream.config.BindingServiceConfiguration.streamListenerAnnotationBeanPostProcessor()
16:17:12.334 [main] DEBUG org.springframework.beans.factory.support.DefaultListableBeanFactory - Creating shared instance of singleton bean 'org.springframework.boot.autoconfigure.condition.BeanTypeRegistry'
16:17:12.334 [main] DEBUG org.springframework.beans.factory.support.DefaultListableBeanFactory - Creating instance of bean 'org.springframework.boot.autoconfigure.condition.BeanTypeRegistry'
16:17:12.343 [main] DEBUG org.springframework.beans.factory.support.DefaultListableBeanFactory - Eagerly caching bean 'org.springframework.boot.autoconfigure.condition.BeanTypeRegistry' to allow for resolving potential circular references
16:17:12.343 [main] DEBUG org.springframework.beans.factory.support.DefaultListableBeanFactory - Finished creating instance of bean 'org.springframework.boot.autoconfigure.condition.BeanTypeRegistry'
16:17:12.381 [main] DEBUG org.springframework.beans.factory.support.DefaultListableBeanFactory - Returning cached instance of singleton bean 'autoConfigurationReport'
16:17:12.382 [main] DEBUG org.springframework.context.annotation.ConfigurationClassBeanDefinitionReader - Registering bean definition for @Bean method org.springframework.cloud.stream.config.BindingServiceConfiguration.bindingService()
16:17:12.382 [main] DEBUG org.springframework.context.annotation.ConfigurationClassBeanDefinitionReader - Registering bean definition for @Bean method org.springframework.cloud.stream.config.BindingServiceConfiguration.messageConverterConfigurer()
16:17:12.382 [main] DEBUG org.springframework.context.annotation.ConfigurationClassBeanDefinitionReader - Registering bean definition for @Bean method org.springframework.cloud.stream.config.BindingServiceConfiguration.channelFactory()
16:17:12.382 [main] DEBUG org.springframework.context.annotation.ConfigurationClassBeanDefinitionReader - Registering bean definition for @Bean method org.springframework.cloud.stream.config.BindingServiceConfiguration.messageSourceFactory()
16:17:12.382 [main] DEBUG org.springframework.beans.factory.support.DefaultListableBeanFactory - Returning cached instance of singleton bean 'org.springframework.boot.autoconfigure.condition.BeanTypeRegistry'
16:17:12.383 [main] DEBUG org.springframework.beans.factory.support.DefaultListableBeanFactory - Returning cached instance of singleton bean 'autoConfigurationReport'
16:17:12.383 [main] DEBUG org.springframework.context.annotation.ConfigurationClassBeanDefinitionReader - Registering bean definition for @Bean method org.springframework.cloud.stream.config.BindingServiceConfiguration.compositeMessageChannelConfigurer()
16:17:12.383 [main] DEBUG org.springframework.context.annotation.ConfigurationClassBeanDefinitionReader - Registering bean definition for @Bean method org.springframework.cloud.stream.config.BindingServiceConfiguration.outputBindingLifecycle()
16:17:12.383 [main] DEBUG org.springframework.context.annotation.ConfigurationClassBeanDefinitionReader - Registering bean definition for @Bean method org.springframework.cloud.stream.config.BindingServiceConfiguration.inputBindingLifecycle()
16:17:12.383 [main] DEBUG org.springframework.context.annotation.ConfigurationClassBeanDefinitionReader - Registering bean definition for @Bean method org.springframework.cloud.stream.config.BindingServiceConfiguration.contextStartAfterRefreshListener()
16:17:12.383 [main] DEBUG org.springframework.context.annotation.ConfigurationClassBeanDefinitionReader - Registering bean definition for @Bean method org.springframework.cloud.stream.config.BindingServiceConfiguration.binderAwareChannelResolver()
16:17:12.385 [main] DEBUG org.springframework.beans.factory.support.DefaultListableBeanFactory - Returning cached instance of singleton bean 'autoConfigurationReport'
16:17:12.385 [main] DEBUG org.springframework.beans.factory.support.DefaultListableBeanFactory - Returning cached instance of singleton bean 'autoConfigurationReport'
16:17:12.386 [main] DEBUG org.springframework.context.annotation.ConfigurationClassBeanDefinitionReader - Registering bean definition for @Bean method org.springframework.cloud.stream.config.BindingServiceConfiguration.dynamicDestinationsBindable()
16:17:12.386 [main] DEBUG org.springframework.beans.factory.support.DefaultListableBeanFactory - Returning cached instance of singleton bean 'org.springframework.boot.autoconfigure.condition.BeanTypeRegistry'
16:17:12.387 [main] DEBUG org.springframework.beans.factory.support.DefaultListableBeanFactory - Returning cached instance of singleton bean 'autoConfigurationReport'
16:17:12.387 [main] DEBUG org.springframework.context.annotation.ConfigurationClassBeanDefinitionReader - Registering bean definition for @Bean method org.springframework.cloud.stream.config.BindingServiceConfiguration.binderAwareRouterBeanPostProcessor()
16:17:12.387 [main] DEBUG org.springframework.context.annotation.ConfigurationClassBeanDefinitionReader - Registering bean definition for @Bean method org.springframework.cloud.stream.config.BindingServiceConfiguration.appListener()
16:17:12.397 [main] DEBUG org.springframework.context.annotation.ConfigurationClassBeanDefinitionReader - Registered bean definition for imported class 'org.springframework.cloud.stream.config.BinderFactoryConfiguration'
16:17:12.397 [main] DEBUG org.springframework.beans.factory.support.DefaultListableBeanFactory - Returning cached instance of singleton bean 'org.springframework.boot.autoconfigure.condition.BeanTypeRegistry'
16:17:12.398 [main] DEBUG org.springframework.beans.factory.support.DefaultListableBeanFactory - Returning cached instance of singleton bean 'autoConfigurationReport'
16:17:12.398 [main] DEBUG org.springframework.context.annotation.ConfigurationClassBeanDefinitionReader - Registering bean definition for @Bean method org.springframework.cloud.stream.config.BinderFactoryConfiguration.binderFactory()
16:17:12.399 [main] DEBUG org.springframework.beans.factory.support.DefaultListableBeanFactory - Returning cached instance of singleton bean 'org.springframework.boot.autoconfigure.condition.BeanTypeRegistry'
16:17:12.400 [main] DEBUG org.springframework.beans.factory.support.DefaultListableBeanFactory - Returning cached instance of singleton bean 'autoConfigurationReport'
16:17:12.400 [main] DEBUG org.springframework.context.annotation.ConfigurationClassBeanDefinitionReader - Registering bean definition for @Bean method org.springframework.cloud.stream.config.BinderFactoryConfiguration.binderTypeRegistry()
16:17:12.401 [main] DEBUG org.springframework.context.annotation.ConfigurationClassBeanDefinitionReader - Registered bean definition for imported class 'ReceiverAppTest'
16:17:12.402 [main] DEBUG org.springframework.core.io.support.PathMatchingResourcePatternResolver - Resolved classpath location [META-INF/spring.integration.default.properties] to resources [URL [jar:file:/Users/erlong/.m2/repository/org/springframework/integration/spring-integration-core/5.0.4.RELEASE/spring-integration-core-5.0.4.RELEASE.jar!/META-INF/spring.integration.default.properties]]
16:17:12.402 [main] DEBUG org.springframework.beans.factory.config.PropertiesFactoryBean - Loading properties file from URL [jar:file:/Users/erlong/.m2/repository/org/springframework/integration/spring-integration-core/5.0.4.RELEASE/spring-integration-core-5.0.4.RELEASE.jar!/META-INF/spring.integration.default.properties]
16:17:12.407 [main] DEBUG org.springframework.core.io.support.PathMatchingResourcePatternResolver - Resolved classpath location [META-INF/spring.integration.default.properties] to resources [URL [jar:file:/Users/erlong/.m2/repository/org/springframework/integration/spring-integration-core/5.0.4.RELEASE/spring-integration-core-5.0.4.RELEASE.jar!/META-INF/spring.integration.default.properties]]
16:17:12.408 [main] DEBUG org.springframework.core.io.support.PathMatchingResourcePatternResolver - Resolved classpath location [META-INF/spring.integration.properties] to resources []
16:17:12.408 [main] INFO org.springframework.integration.config.IntegrationRegistrar - No bean named 'integrationHeaderChannelRegistry' has been explicitly defined. Therefore, a default DefaultHeaderChannelRegistry will be created.
16:17:12.412 [main] DEBUG org.springframework.integration.config.IntegrationRegistrar - SpEL function '#xpath' isn't registered: there is no spring-integration-xml.jar on the classpath.
16:17:12.448 [main] DEBUG org.springframework.beans.factory.support.DefaultListableBeanFactory - Creating shared instance of singleton bean 'org.springframework.boot.test.context.ImportsContextCustomizer$ImportsCleanupPostProcessor'
16:17:12.448 [main] DEBUG org.springframework.beans.factory.support.DefaultListableBeanFactory - Creating instance of bean 'org.springframework.boot.test.context.ImportsContextCustomizer$ImportsCleanupPostProcessor'
16:17:12.449 [main] DEBUG org.springframework.beans.factory.support.DefaultListableBeanFactory - Eagerly caching bean 'org.springframework.boot.test.context.ImportsContextCustomizer$ImportsCleanupPostProcessor' to allow for resolving potential circular references
16:17:12.449 [main] DEBUG org.springframework.beans.factory.support.DefaultListableBeanFactory - Finished creating instance of bean 'org.springframework.boot.test.context.ImportsContextCustomizer$ImportsCleanupPostProcessor'
16:17:12.449 [main] DEBUG org.springframework.beans.factory.support.DefaultListableBeanFactory - Creating shared instance of singleton bean 'IntegrationConfigurationBeanFactoryPostProcessor'
16:17:12.449 [main] DEBUG org.springframework.beans.factory.support.DefaultListableBeanFactory - Creating instance of bean 'IntegrationConfigurationBeanFactoryPostProcessor'
16:17:12.449 [main] DEBUG org.springframework.beans.factory.support.DefaultListableBeanFactory - Eagerly caching bean 'IntegrationConfigurationBeanFactoryPostProcessor' to allow for resolving potential circular references
16:17:12.449 [main] DEBUG org.springframework.beans.factory.support.DefaultListableBeanFactory - Finished creating instance of bean 'IntegrationConfigurationBeanFactoryPostProcessor'
16:17:12.508 [main] DEBUG org.springframework.context.annotation.ConfigurationClassEnhancer - Successfully enhanced org.springframework.cloud.stream.config.ContentTypeConfiguration; enhanced class name is: org.springframework.cloud.stream.config.ContentTypeConfiguration$$EnhancerBySpringCGLIB$$2a3abc1
16:17:12.509 [main] DEBUG org.springframework.context.annotation.ConfigurationClassPostProcessor - Replacing bean definition 'org.springframework.cloud.stream.config.ContentTypeConfiguration' existing class 'org.springframework.cloud.stream.config.ContentTypeConfiguration' with enhanced class 'org.springframework.cloud.stream.config.ContentTypeConfiguration$$EnhancerBySpringCGLIB$$2a3abc1'
16:17:12.511 [main] DEBUG org.springframework.context.annotation.ConfigurationClassEnhancer - Successfully enhanced org.springframework.cloud.stream.config.SpelExpressionConverterConfiguration; enhanced class name is: org.springframework.cloud.stream.config.SpelExpressionConverterConfiguration$$EnhancerBySpringCGLIB$$5591d110
16:17:12.511 [main] DEBUG org.springframework.context.annotation.ConfigurationClassPostProcessor - Replacing bean definition 'org.springframework.cloud.stream.config.SpelExpressionConverterConfiguration' existing class 'org.springframework.cloud.stream.config.SpelExpressionConverterConfiguration' with enhanced class 'org.springframework.cloud.stream.config.SpelExpressionConverterConfiguration$$EnhancerBySpringCGLIB$$5591d110'
16:17:12.519 [main] DEBUG org.springframework.context.annotation.ConfigurationClassEnhancer - Successfully enhanced org.springframework.cloud.stream.config.BindingServiceConfiguration; enhanced class name is: org.springframework.cloud.stream.config.BindingServiceConfiguration$$EnhancerBySpringCGLIB$$7b570b68
16:17:12.519 [main] DEBUG org.springframework.context.annotation.ConfigurationClassPostProcessor - Replacing bean definition 'org.springframework.cloud.stream.config.BindingServiceConfiguration' existing class 'org.springframework.cloud.stream.config.BindingServiceConfiguration' with enhanced class 'org.springframework.cloud.stream.config.BindingServiceConfiguration$$EnhancerBySpringCGLIB$$7b570b68'
16:17:12.521 [main] DEBUG org.springframework.context.annotation.ConfigurationClassEnhancer - Successfully enhanced org.springframework.cloud.stream.config.BinderFactoryConfiguration; enhanced class name is: org.springframework.cloud.stream.config.BinderFactoryConfiguration$$EnhancerBySpringCGLIB$$4b3b4014
16:17:12.521 [main] DEBUG org.springframework.context.annotation.ConfigurationClassPostProcessor - Replacing bean definition 'org.springframework.cloud.stream.config.BinderFactoryConfiguration' existing class 'org.springframework.cloud.stream.config.BinderFactoryConfiguration' with enhanced class 'org.springframework.cloud.stream.config.BinderFactoryConfiguration$$EnhancerBySpringCGLIB$$4b3b4014'
16:17:12.522 [main] DEBUG org.springframework.beans.factory.support.DefaultListableBeanFactory - Creating shared instance of singleton bean 'org.springframework.boot.test.mock.mockito.MockitoPostProcessor'
16:17:12.522 [main] DEBUG org.springframework.beans.factory.support.DefaultListableBeanFactory - Creating instance of bean 'org.springframework.boot.test.mock.mockito.MockitoPostProcessor'
16:17:12.527 [main] DEBUG org.springframework.beans.factory.support.DefaultListableBeanFactory - Eagerly caching bean 'org.springframework.boot.test.mock.mockito.MockitoPostProcessor' to allow for resolving potential circular references
16:17:12.538 [main] DEBUG org.springframework.beans.factory.support.DefaultListableBeanFactory - Finished creating instance of bean 'org.springframework.boot.test.mock.mockito.MockitoPostProcessor'
16:17:12.542 [main] DEBUG org.springframework.beans.factory.support.DefaultListableBeanFactory - Creating shared instance of singleton bean 'org.springframework.boot.context.properties.ConfigurationBeanFactoryMetadata'
16:17:12.542 [main] DEBUG org.springframework.beans.factory.support.DefaultListableBeanFactory - Creating instance of bean 'org.springframework.boot.context.properties.ConfigurationBeanFactoryMetadata'
16:17:12.542 [main] DEBUG org.springframework.beans.factory.support.DefaultListableBeanFactory - Eagerly caching bean 'org.springframework.boot.context.properties.ConfigurationBeanFactoryMetadata' to allow for resolving potential circular references
16:17:12.543 [main] DEBUG org.springframework.beans.factory.support.DefaultListableBeanFactory - Finished creating instance of bean 'org.springframework.boot.context.properties.ConfigurationBeanFactoryMetadata'
16:17:12.543 [main] DEBUG org.springframework.beans.factory.support.DefaultListableBeanFactory - Creating shared instance of singleton bean 'DefaultConfiguringBeanFactoryPostProcessor'
16:17:12.543 [main] DEBUG org.springframework.beans.factory.support.DefaultListableBeanFactory - Creating instance of bean 'DefaultConfiguringBeanFactoryPostProcessor'
16:17:12.544 [main] DEBUG org.springframework.beans.factory.support.DefaultListableBeanFactory - Eagerly caching bean 'DefaultConfiguringBeanFactoryPostProcessor' to allow for resolving potential circular references
16:17:12.544 [main] DEBUG org.springframework.beans.factory.support.DefaultListableBeanFactory - Finished creating instance of bean 'DefaultConfiguringBeanFactoryPostProcessor'
16:17:12.545 [main] INFO org.springframework.integration.config.DefaultConfiguringBeanFactoryPostProcessor - No bean named 'errorChannel' has been explicitly defined. Therefore, a default PublishSubscribeChannel will be created.
16:17:12.546 [main] INFO org.springframework.integration.config.DefaultConfiguringBeanFactoryPostProcessor - No bean named 'taskScheduler' has been explicitly defined. Therefore, a default ThreadPoolTaskScheduler will be created.
16:17:12.553 [main] DEBUG org.springframework.beans.factory.support.DefaultListableBeanFactory - Creating shared instance of singleton bean 'org.springframework.context.annotation.internalAutowiredAnnotationProcessor'
16:17:12.553 [main] DEBUG org.springframework.beans.factory.support.DefaultListableBeanFactory - Creating instance of bean 'org.springframework.context.annotation.internalAutowiredAnnotationProcessor'
16:17:12.554 [main] DEBUG org.springframework.beans.factory.support.DefaultListableBeanFactory - Eagerly caching bean 'org.springframework.context.annotation.internalAutowiredAnnotationProcessor' to allow for resolving potential circular references
16:17:12.557 [main] DEBUG org.springframework.beans.factory.support.DefaultListableBeanFactory - Finished creating instance of bean 'org.springframework.context.annotation.internalAutowiredAnnotationProcessor'
16:17:12.557 [main] DEBUG org.springframework.beans.factory.support.DefaultListableBeanFactory - Creating shared instance of singleton bean 'org.springframework.context.annotation.internalRequiredAnnotationProcessor'
16:17:12.557 [main] DEBUG org.springframework.beans.factory.support.DefaultListableBeanFactory - Creating instance of bean 'org.springframework.context.annotation.internalRequiredAnnotationProcessor'
16:17:12.557 [main] DEBUG org.springframework.beans.factory.support.DefaultListableBeanFactory - Eagerly caching bean 'org.springframework.context.annotation.internalRequiredAnnotationProcessor' to allow for resolving potential circular references
16:17:12.559 [main] DEBUG org.springframework.beans.factory.support.DefaultListableBeanFactory - Finished creating instance of bean 'org.springframework.context.annotation.internalRequiredAnnotationProcessor'
16:17:12.559 [main] DEBUG org.springframework.beans.factory.support.DefaultListableBeanFactory - Creating shared instance of singleton bean 'org.springframework.context.annotation.internalCommonAnnotationProcessor'
16:17:12.559 [main] DEBUG org.springframework.beans.factory.support.DefaultListableBeanFactory - Creating instance of bean 'org.springframework.context.annotation.internalCommonAnnotationProcessor'
16:17:12.563 [main] DEBUG org.springframework.beans.factory.support.DefaultListableBeanFactory - Eagerly caching bean 'org.springframework.context.annotation.internalCommonAnnotationProcessor' to allow for resolving potential circular references
16:17:12.567 [main] DEBUG org.springframework.beans.factory.support.DefaultListableBeanFactory - Finished creating instance of bean 'org.springframework.context.annotation.internalCommonAnnotationProcessor'
16:17:12.567 [main] DEBUG org.springframework.beans.factory.support.DefaultListableBeanFactory - Creating shared instance of singleton bean 'org.springframework.boot.test.mock.mockito.MockitoPostProcessor$SpyPostProcessor'
16:17:12.567 [main] DEBUG org.springframework.beans.factory.support.DefaultListableBeanFactory - Creating instance of bean 'org.springframework.boot.test.mock.mockito.MockitoPostProcessor$SpyPostProcessor'
16:17:12.567 [main] DEBUG org.springframework.beans.factory.support.DefaultListableBeanFactory - Returning cached instance of singleton bean 'org.springframework.boot.test.mock.mockito.MockitoPostProcessor'
16:17:12.568 [main] DEBUG org.springframework.beans.factory.support.DefaultListableBeanFactory - Eagerly caching bean 'org.springframework.boot.test.mock.mockito.MockitoPostProcessor$SpyPostProcessor' to allow for resolving potential circular references
16:17:12.569 [main] DEBUG org.springframework.beans.factory.support.DefaultListableBeanFactory - Finished creating instance of bean 'org.springframework.boot.test.mock.mockito.MockitoPostProcessor$SpyPostProcessor'
16:17:12.569 [main] DEBUG org.springframework.beans.factory.support.DefaultListableBeanFactory - Creating shared instance of singleton bean 'org.springframework.boot.context.properties.ConfigurationPropertiesBindingPostProcessor'
16:17:12.569 [main] DEBUG org.springframework.beans.factory.support.DefaultListableBeanFactory - Creating instance of bean 'org.springframework.boot.context.properties.ConfigurationPropertiesBindingPostProcessor'
16:17:12.569 [main] DEBUG org.springframework.beans.factory.support.DefaultListableBeanFactory - Eagerly caching bean 'org.springframework.boot.context.properties.ConfigurationPropertiesBindingPostProcessor' to allow for resolving potential circular references
16:17:12.575 [main] DEBUG org.springframework.beans.factory.support.DefaultListableBeanFactory - Invoking afterPropertiesSet() on bean with name 'org.springframework.boot.context.properties.ConfigurationPropertiesBindingPostProcessor'
16:17:12.575 [main] DEBUG org.springframework.beans.factory.support.DefaultListableBeanFactory - Returning cached instance of singleton bean 'org.springframework.boot.context.properties.ConfigurationBeanFactoryMetadata'
16:17:12.579 [main] DEBUG org.springframework.beans.factory.support.DefaultListableBeanFactory - Finished creating instance of bean 'org.springframework.boot.context.properties.ConfigurationPropertiesBindingPostProcessor'
16:17:12.579 [main] DEBUG org.springframework.beans.factory.support.DefaultListableBeanFactory - Returning cached instance of singleton bean 'org.springframework.boot.test.mock.mockito.MockitoPostProcessor'
16:17:12.580 [main] DEBUG org.springframework.beans.factory.support.DefaultListableBeanFactory - Creating shared instance of singleton bean 'org.springframework.integration.internalPublisherAnnotationBeanPostProcessor'
16:17:12.580 [main] DEBUG org.springframework.beans.factory.support.DefaultListableBeanFactory - Creating instance of bean 'org.springframework.integration.internalPublisherAnnotationBeanPostProcessor'
16:17:12.585 [main] DEBUG org.springframework.beans.factory.support.DefaultListableBeanFactory - Eagerly caching bean 'org.springframework.integration.internalPublisherAnnotationBeanPostProcessor' to allow for resolving potential circular references
16:17:12.588 [main] DEBUG org.springframework.beans.factory.support.DefaultListableBeanFactory - Invoking afterPropertiesSet() on bean with name 'org.springframework.integration.internalPublisherAnnotationBeanPostProcessor'
16:17:12.615 [main] DEBUG org.springframework.beans.factory.support.DefaultListableBeanFactory - Finished creating instance of bean 'org.springframework.integration.internalPublisherAnnotationBeanPostProcessor'
16:17:12.615 [main] DEBUG org.springframework.beans.factory.support.DefaultListableBeanFactory - Creating shared instance of singleton bean 'streamListenerAnnotationBeanPostProcessor'
16:17:12.615 [main] DEBUG org.springframework.beans.factory.support.DefaultListableBeanFactory - Creating instance of bean 'streamListenerAnnotationBeanPostProcessor'
16:17:12.619 [main] DEBUG org.springframework.beans.factory.support.DefaultListableBeanFactory - Eagerly caching bean 'streamListenerAnnotationBeanPostProcessor' to allow for resolving potential circular references
16:17:12.629 [main] DEBUG org.springframework.beans.factory.support.DefaultListableBeanFactory - Finished creating instance of bean 'streamListenerAnnotationBeanPostProcessor'
16:17:12.630 [main] DEBUG org.springframework.beans.factory.support.DefaultListableBeanFactory - Creating shared instance of singleton bean 'globalChannelInterceptorProcessor'
16:17:12.630 [main] DEBUG org.springframework.beans.factory.support.DefaultListableBeanFactory - Creating instance of bean 'globalChannelInterceptorProcessor'
16:17:12.630 [main] DEBUG org.springframework.beans.factory.support.DefaultListableBeanFactory - Eagerly caching bean 'globalChannelInterceptorProcessor' to allow for resolving potential circular references
16:17:12.632 [main] DEBUG org.springframework.beans.factory.support.DefaultListableBeanFactory - Finished creating instance of bean 'globalChannelInterceptorProcessor'
16:17:12.632 [main] DEBUG org.springframework.beans.factory.support.DefaultListableBeanFactory - Creating shared instance of singleton bean 'org.springframework.integration.internalMessagingAnnotationPostProcessor'
16:17:12.632 [main] DEBUG org.springframework.beans.factory.support.DefaultListableBeanFactory - Creating instance of bean 'org.springframework.integration.internalMessagingAnnotationPostProcessor'
16:17:12.633 [main] DEBUG org.springframework.beans.factory.support.DefaultListableBeanFactory - Eagerly caching bean 'org.springframework.integration.internalMessagingAnnotationPostProcessor' to allow for resolving potential circular references
16:17:12.634 [main] DEBUG org.springframework.beans.factory.support.DefaultListableBeanFactory - Invoking afterPropertiesSet() on bean with name 'org.springframework.integration.internalMessagingAnnotationPostProcessor'
16:17:12.669 [main] DEBUG org.springframework.beans.factory.support.DefaultListableBeanFactory - Finished creating instance of bean 'org.springframework.integration.internalMessagingAnnotationPostProcessor'
16:17:12.669 [main] DEBUG org.springframework.beans.factory.support.DefaultListableBeanFactory - Creating shared instance of singleton bean 'org.springframework.integration.config.dsl.IntegrationFlowBeanPostProcessor'
16:17:12.669 [main] DEBUG org.springframework.beans.factory.support.DefaultListableBeanFactory - Creating instance of bean 'org.springframework.integration.config.dsl.IntegrationFlowBeanPostProcessor'
16:17:12.675 [main] DEBUG org.springframework.beans.factory.support.DefaultListableBeanFactory - Eagerly caching bean 'org.springframework.integration.config.dsl.IntegrationFlowBeanPostProcessor' to allow for resolving potential circular references
16:17:12.676 [main] DEBUG org.springframework.beans.factory.support.DefaultListableBeanFactory - Finished creating instance of bean 'org.springframework.integration.config.dsl.IntegrationFlowBeanPostProcessor'
16:17:12.676 [main] DEBUG org.springframework.beans.factory.support.DefaultListableBeanFactory - Returning cached instance of singleton bean 'org.springframework.boot.test.autoconfigure.properties.PropertyMappingContextCustomizer$PropertyMappingCheckBeanPostProcessor'
16:17:12.677 [main] DEBUG org.springframework.context.support.GenericApplicationContext - Unable to locate MessageSource with name 'messageSource': using default [org.springframework.context.support.DelegatingMessageSource@77825085]
16:17:12.679 [main] DEBUG org.springframework.context.support.GenericApplicationContext - Unable to locate ApplicationEventMulticaster with name 'applicationEventMulticaster': using default [org.springframework.context.event.SimpleApplicationEventMulticaster@4f25b795]
16:17:12.680 [main] DEBUG org.springframework.beans.factory.support.DefaultListableBeanFactory - Pre-instantiating singletons in org.springframework.beans.factory.support.DefaultListableBeanFactory@1f2586d6: defining beans [org.springframework.context.annotation.internalConfigurationAnnotationProcessor,org.springframework.context.annotation.internalAutowiredAnnotationProcessor,org.springframework.context.annotation.internalRequiredAnnotationProcessor,org.springframework.context.annotation.internalCommonAnnotationProcessor,org.springframework.context.event.internalEventListenerProcessor,org.springframework.context.event.internalEventListenerFactory,org.springframework.boot.test.context.ImportsContextCustomizer$ImportsCleanupPostProcessor,org.springframework.boot.test.mock.mockito.MockitoPostProcessor$SpyPostProcessor,org.springframework.boot.test.mock.mockito.MockitoPostProcessor,org.springframework.cloud.stream.config.ContentTypeConfiguration,compositeMessageConverterFactory,integrationArgumentResolverMessageConverter,org.springframework.cloud.stream.config.SpelExpressionConverterConfiguration,spelPropertyAccessorRegistrar,spelConverter,org.springframework.cloud.stream.config.BindingServiceConfiguration,messageChannelStreamListenerResultAdapter,messageHandlerMethodFactory,streamListenerAnnotationBeanPostProcessor,org.springframework.boot.autoconfigure.condition.BeanTypeRegistry,bindingService,messageConverterConfigurer,channelFactory,messageSourceFactory,compositeMessageChannelConfigurer,outputBindingLifecycle,inputBindingLifecycle,contextStartAfterRefreshListener,binderAwareChannelResolver,dynamicDestinationsBindable,binderAwareRouterBeanPostProcessor,appListener,spring.cloud.stream-org.springframework.cloud.stream.config.BindingServiceProperties,spring.cloud.stream.integration-org.springframework.cloud.stream.config.SpringIntegrationProperties,org.springframework.boot.context.properties.ConfigurationPropertiesBindingPostProcessor,org.springframework.boot.context.properties.ConfigurationBeanFactoryMetadata,org.springframework.cloud.stream.config.BinderFactoryConfiguration,binderFactory,binderTypeRegistry,channelInitializer,$autoCreateChannelCandidates,IntegrationConfigurationBeanFactoryPostProcessor,integrationEvaluationContext,integrationSimpleEvaluationContext,integrationGlobalProperties,integrationHeaderChannelRegistry,globalChannelInterceptorProcessor,jsonPath,toStringFriendlyJsonNodeToStringConverter,converterRegistrar,integrationConversionService,DefaultConfiguringBeanFactoryPostProcessor,datatypeChannelMessageConverter,integrationArgumentResolvers,integrationListArgumentResolvers,org.springframework.integration.internalMessagingAnnotationPostProcessor,org.springframework.integration.internalPublisherAnnotationBeanPostProcessor,messageBuilderFactory,integrationLifecycleRoleController,input,ReceiverAppTest$SinkSender,org.springframework.integration.config.dsl.IntegrationFlowBeanPostProcessor,org.springframework.integration.dsl.context.IntegrationFlowContext,nullChannel,errorChannel,_org.springframework.integration.errorLogger.handler,_org.springframework.integration.errorLogger,taskScheduler,org.springframework.integration.config.IdGeneratorConfigurer#0]; root of factory hierarchy
16:17:12.680 [main] DEBUG org.springframework.beans.factory.support.DefaultListableBeanFactory - Returning cached instance of singleton bean 'org.springframework.context.annotation.internalConfigurationAnnotationProcessor'
16:17:12.680 [main] DEBUG org.springframework.beans.factory.support.DefaultListableBeanFactory - Returning cached instance of singleton bean 'org.springframework.context.annotation.internalAutowiredAnnotationProcessor'
16:17:12.680 [main] DEBUG org.springframework.beans.factory.support.DefaultListableBeanFactory - Returning cached instance of singleton bean 'org.springframework.context.annotation.internalRequiredAnnotationProcessor'
16:17:12.680 [main] DEBUG org.springframework.beans.factory.support.DefaultListableBeanFactory - Returning cached instance of singleton bean 'org.springframework.context.annotation.internalCommonAnnotationProcessor'
16:17:12.680 [main] DEBUG org.springframework.beans.factory.support.DefaultListableBeanFactory - Creating shared instance of singleton bean 'org.springframework.context.event.internalEventListenerProcessor'
16:17:12.680 [main] DEBUG org.springframework.beans.factory.support.DefaultListableBeanFactory - Creating instance of bean 'org.springframework.context.event.internalEventListenerProcessor'
16:17:12.681 [main] DEBUG org.springframework.beans.factory.support.DefaultListableBeanFactory - Eagerly caching bean 'org.springframework.context.event.internalEventListenerProcessor' to allow for resolving potential circular references
16:17:12.684 [main] DEBUG org.springframework.beans.factory.support.DefaultListableBeanFactory - Finished creating instance of bean 'org.springframework.context.event.internalEventListenerProcessor'
16:17:12.684 [main] DEBUG org.springframework.beans.factory.support.DefaultListableBeanFactory - Creating shared instance of singleton bean 'org.springframework.context.event.internalEventListenerFactory'
16:17:12.684 [main] DEBUG org.springframework.beans.factory.support.DefaultListableBeanFactory - Creating instance of bean 'org.springframework.context.event.internalEventListenerFactory'
16:17:12.684 [main] DEBUG org.springframework.beans.factory.support.DefaultListableBeanFactory - Eagerly caching bean 'org.springframework.context.event.internalEventListenerFactory' to allow for resolving potential circular references
16:17:12.686 [main] DEBUG org.springframework.beans.factory.support.DefaultListableBeanFactory - Finished creating instance of bean 'org.springframework.context.event.internalEventListenerFactory'
16:17:12.686 [main] DEBUG org.springframework.beans.factory.support.DefaultListableBeanFactory - Returning cached instance of singleton bean 'org.springframework.boot.test.context.ImportsContextCustomizer$ImportsCleanupPostProcessor'
16:17:12.686 [main] DEBUG org.springframework.beans.factory.support.DefaultListableBeanFactory - Returning cached instance of singleton bean 'org.springframework.boot.test.mock.mockito.MockitoPostProcessor$SpyPostProcessor'
16:17:12.686 [main] DEBUG org.springframework.beans.factory.support.DefaultListableBeanFactory - Returning cached instance of singleton bean 'org.springframework.boot.test.mock.mockito.MockitoPostProcessor'
16:17:12.686 [main] DEBUG org.springframework.beans.factory.support.DefaultListableBeanFactory - Creating shared instance of singleton bean 'org.springframework.cloud.stream.config.ContentTypeConfiguration'
16:17:12.686 [main] DEBUG org.springframework.beans.factory.support.DefaultListableBeanFactory - Creating instance of bean 'org.springframework.cloud.stream.config.ContentTypeConfiguration'
16:17:12.688 [main] DEBUG org.springframework.beans.factory.annotation.InjectionMetadata - Registered injected element on class [org.springframework.cloud.stream.config.ContentTypeConfiguration$$EnhancerBySpringCGLIB$$2a3abc1]: AutowiredFieldElement for private com.fasterxml.jackson.databind.ObjectMapper org.springframework.cloud.stream.config.ContentTypeConfiguration.objectMapper
16:17:12.688 [main] DEBUG org.springframework.beans.factory.annotation.InjectionMetadata - Registered injected element on class [org.springframework.cloud.stream.config.ContentTypeConfiguration$$EnhancerBySpringCGLIB$$2a3abc1]: AutowiredFieldElement for private java.util.List org.springframework.cloud.stream.config.ContentTypeConfiguration.customMessageConverters
16:17:12.688 [main] DEBUG org.springframework.beans.factory.support.DefaultListableBeanFactory - Eagerly caching bean 'org.springframework.cloud.stream.config.ContentTypeConfiguration' to allow for resolving potential circular references
16:17:12.691 [main] DEBUG org.springframework.beans.factory.annotation.InjectionMetadata - Processing injected element of bean 'org.springframework.cloud.stream.config.ContentTypeConfiguration': AutowiredFieldElement for private com.fasterxml.jackson.databind.ObjectMapper org.springframework.cloud.stream.config.ContentTypeConfiguration.objectMapper
16:17:12.691 [main] DEBUG org.springframework.core.annotation.AnnotationUtils - Failed to meta-introspect annotation interface org.springframework.beans.factory.annotation.Autowired: java.lang.NullPointerException
[...]
LEASE.jar:/Users/erlong/.m2/repository/com/rabbitmq/http-client/2.0.1.RELEASE/http-client-2.0.1.RELEASE.jar:/Users/erlong/.m2/repository/org/springframework/spring-web/5.0.5.RELEASE/spring-web-5.0.5.RELEASE.jar:/Users/erlong/.m2/repository/org/springframework/spring-webflux/5.0.5.RELEASE/spring-webflux-5.0.5.RELEASE.jar:/Users/erlong/.m2/repository/org/apache/httpcomponents/httpclient/4.5.5/httpclient-4.5.5.jar:/Users/erlong/.m2/repository/org/apache/httpcomponents/httpcore/4.4.9/httpcore-4.4.9.jar:/Users/erlong/.m2/repository/commons-codec/commons-codec/1.11/commons-codec-1.11.jar:/Users/erlong/.m2/repository/com/fasterxml/jackson/core/jackson-databind/2.9.5/jackson-databind-2.9.5.jar:/Users/erlong/.m2/repository/com/fasterxml/jackson/core/jackson-annotations/2.9.0/jackson-annotations-2.9.0.jar:/Users/erlong/.m2/repository/com/fasterxml/jackson/core/jackson-core/2.9.5/jackson-core-2.9.5.jar:/Users/erlong/.m2/repository/io/projectreactor/ipc/reactor-netty/0.7.6.RELEASE/reactor-netty-0.7.6.RELEASE.jar:/Users/erlong/.m2/repository/io/netty/netty-codec-http/4.1.23.Final/netty-codec-http-4.1.23.Final.jar:/Users/erlong/.m2/repository/io/netty/netty-codec/4.1.23.Final/netty-codec-4.1.23.Final.jar:/Users/erlong/.m2/repository/io/netty/netty-handler/4.1.23.Final/netty-handler-4.1.23.Final.jar:/Users/erlong/.m2/repository/io/netty/netty-buffer/4.1.23.Final/netty-buffer-4.1.23.Final.jar:/Users/erlong/.m2/repository/io/netty/netty-transport/4.1.23.Final/netty-transport-4.1.23.Final.jar:/Users/erlong/.m2/repository/io/netty/netty-resolver/4.1.23.Final/netty-resolver-4.1.23.Final.jar:/Users/erlong/.m2/repository/io/netty/netty-handler-proxy/4.1.23.Final/netty-handler-proxy-4.1.23.Final.jar:/Users/erlong/.m2/repository/io/netty/netty-codec-socks/4.1.23.Final/netty-codec-socks-4.1.23.Final.jar:/Users/erlong/.m2/repository/io/netty/netty-transport-native-epoll/4.1.23.Final/netty-transport-native-epoll-4.1.23.Final.jar:/Users/erlong/.m2/repository/io/netty/netty-common/4.1.23.Final/netty-common-4.1.23.Final.jar:/Users/erlong/.m2/repository/io/netty/netty-transport-native-unix-common/4.1.23.Final/netty-transport-native-unix-common-4.1.23.Final.jar:/Users/erlong/.m2/repository/org/springframework/cloud/spring-cloud-stream/2.0.1.RELEASE/spring-cloud-stream-2.0.1.RELEASE.jar:/Users/erlong/.m2/repository/org/springframework/boot/spring-boot-starter-validation/2.0.1.RELEASE/spring-boot-starter-validation-2.0.1.RELEASE.jar:/Users/erlong/.m2/repository/org/apache/tomcat/embed/tomcat-embed-el/8.5.29/tomcat-embed-el-8.5.29.jar:/Users/erlong/.m2/repository/org/hibernate/validator/hibernate-validator/6.0.9.Final/hibernate-validator-6.0.9.Final.jar:/Users/erlong/.m2/repository/javax/validation/validation-api/2.0.1.Final/validation-api-2.0.1.Final.jar:/Users/erlong/.m2/repository/org/jboss/logging/jboss-logging/3.3.2.Final/jboss-logging-3.3.2.Final.jar:/Users/erlong/.m2/repository/com/fasterxml/classmate/1.3.4/classmate-1.3.4.jar:/Users/erlong/.m2/repository/org/springframework/spring-messaging/5.0.5.RELEASE/spring-messaging-5.0.5.RELEASE.jar:/Users/erlong/.m2/repository/org/springframework/spring-tuple/1.0.0.RELEASE/spring-tuple-1.0.0.RELEASE.jar:/Users/erlong/.m2/repository/com/esotericsoftware/kryo-shaded/3.0.3/kryo-shaded-3.0.3.jar:/Users/erlong/.m2/repository/com/esotericsoftware/minlog/1.3.0/minlog-1.3.0.jar:/Users/erlong/.m2/repository/org/springframework/integration/spring-integration-tuple/1.0.0.RELEASE/spring-integration-tuple-1.0.0.RELEASE.jar:/Users/erlong/.m2/repository/org/springframework/retry/spring-retry/1.2.2.RELEASE/spring-retry-1.2.2.RELEASE.jar:/Users/erlong/.m2/repository/org/springframework/boot/spring-boot-starter-amqp/2.0.1.RELEASE/spring-boot-starter-amqp-2.0.1.RELEASE.jar:/Users/erlong/.m2/repository/org/springframework/amqp/spring-rabbit/2.0.3.RELEASE/spring-rabbit-2.0.3.RELEASE.jar:/Users/erlong/.m2/repository/org/springframework/amqp/spring-amqp/2.0.3.RELEASE/spring-amqp-2.0.3.RELEASE.jar:/Users/erlong/.m2/repository/com/rabbitmq/amqp-client/5.1.2/amqp-client-5.1.2.jar:/Users/erlong/.m2/repository/org/springframework/integration/spring-integration-amqp/5.0.4.RELEASE/spring-integration-amqp-5.0.4.RELEASE.jar:/Users/erlong/.m2/repository/org/springframework/integration/spring-integration-core/5.0.4.RELEASE/spring-integration-core-5.0.4.RELEASE.jar:/Users/erlong/.m2/repository/org/springframework/spring-aop/5.0.5.RELEASE/spring-aop-5.0.5.RELEASE.jar:/Users/erlong/.m2/repository/org/springframework/spring-tx/5.0.5.RELEASE/spring-tx-5.0.5.RELEASE.jar:/Users/erlong/.m2/repository/io/projectreactor/reactor-core/3.1.6.RELEASE/reactor-core-3.1.6.RELEASE.jar:/Users/erlong/.m2/repository/org/reactivestreams/reactive-streams/1.0.2/reactive-streams-1.0.2.jar:/Users/erlong/.m2/repository/org/springframework/integration/spring-integration-jmx/5.0.4.RELEASE/spring-integration-jmx-5.0.4.RELEASE.jar:/Users/erlong/.m2/repository/org/projectlombok/lombok/1.18.10/lombok-1.18.10.jar:, java.specification.name=Java Platform API Specification, java.class.version=52.0, sun.management.compiler=HotSpot 64-Bit Tiered Compilers, os.version=10.15.4, http.nonProxyHosts=local|*.local|169.254/16|*.169.254/16, user.home=/Users/erlong, user.timezone=Asia/Shanghai, java.awt.printerjob=sun.lwawt.macosx.CPrinterJob, file.encoding=UTF-8, java.specification.version=1.8, idea.version2019.2.4=true, java.class.path=/Users/erlong/IdeaProjects/springboot-cloud/cloud-mq-consumer/target/test-classes:/Users/erlong/IdeaProjects/springboot-cloud/cloud-mq-consumer/target/classes:/Users/erlong/.m2/repository/org/springframework/boot/spring-boot-starter-test/2.0.1.RELEASE/spring-boot-starter-test-2.0.1.RELEASE.jar:/Users/erlong/.m2/repository/org/springframework/boot/spring-boot-starter/2.0.1.RELEASE/spring-boot-starter-2.0.1.RELEASE.jar:/Users/erlong/.m2/repository/org/springframework/boot/spring-boot/2.0.1.RELEASE/spring-boot-2.0.1.RELEASE.jar:/Users/erlong/.m2/repository/org/springframework/spring-context/5.0.5.RELEASE/spring-context-5.0.5.RELEASE.jar:/Users/erlong/.m2/repository/org/springframework/spring-beans/5.0.5.RELEASE/spring-beans-5.0.5.RELEASE.jar:/Users/erlong/.m2/repository/org/springframework/spring-expression/5.0.5.RELEASE/spring-expression-5.0.5.RELEASE.jar:/Users/erlong/.m2/repository/org/springframework/boot/spring-boot-autoconfigure/2.0.1.RELEASE/spring-boot-autoconfigure-2.0.1.RELEASE.jar:/Users/erlong/.m2/repository/javax/annotation/javax.annotation-api/1.3.2/javax.annotation-api-1.3.2.jar:/Users/erlong/.m2/repository/org/yaml/snakeyaml/1.19/snakeyaml-1.19.jar:/Users/erlong/.m2/repository/org/springframework/boot/spring-boot-test/2.0.1.RELEASE/spring-boot-test-2.0.1.RELEASE.jar:/Users/erlong/.m2/repository/org/springframework/boot/spring-boot-test-autoconfigure/2.0.1.RELEASE/spring-boot-test-autoconfigure-2.0.1.RELEASE.jar:/Users/erlong/.m2/repository/com/jayway/jsonpath/json-path/2.4.0/json-path-2.4.0.jar:/Users/erlong/.m2/repository/net/minidev/json-smart/2.3/json-smart-2.3.jar:/Users/erlong/.m2/repository/net/minidev/accessors-smart/1.2/accessors-smart-1.2.jar:/Users/erlong/.m2/repository/org/ow2/asm/asm/5.0.4/asm-5.0.4.jar:/Users/erlong/.m2/repository/org/slf4j/slf4j-api/1.7.25/slf4j-api-1.7.25.jar:/Users/erlong/.m2/repository/junit/junit/4.12/junit-4.12.jar:/Users/erlong/.m2/repository/org/assertj/assertj-core/3.9.1/assertj-core-3.9.1.jar:/Users/erlong/.m2/repository/org/mockito/mockito-core/2.15.0/mockito-core-2.15.0.jar:/Users/erlong/.m2/repository/net/bytebuddy/byte-buddy/1.7.11/byte-buddy-1.7.11.jar:/Users/erlong/.m2/repository/net/bytebuddy/byte-buddy-agent/1.7.11/byte-buddy-agent-1.7.11.jar:/Users/erlong/.m2/repository/org/objenesis/objenesis/2.6/objenesis-2.6.jar:/Users/erlong/.m2/repository/org/hamcrest/hamcrest-core/1.3/hamcrest-core-1.3.jar:/Users/erlong/.m2/repository/org/hamcrest/hamcrest-library/1.3/hamcrest-library-1.3.jar:/Users/erlong/.m2/repository/org/skyscreamer/jsonassert/1.5.0/jsonassert-1.5.0.jar:/Users/erlong/.m2/repository/com/vaadin/external/google/android-json/0.0.20131108.vaadin1/android-json-0.0.20131108.vaadin1.jar:/Users/erlong/.m2/repository/org/springframework/spring-core/5.0.5.RELEASE/spring-core-5.0.5.RELEASE.jar:/Users/erlong/.m2/repository/org/springframework/spring-jcl/5.0.5.RELEASE/spring-jcl-5.0.5.RELEASE.jar:/Users/erlong/.m2/repository/org/springframework/spring-test/5.0.5.RELEASE/spring-test-5.0.5.RELEASE.jar:/Users/erlong/.m2/repository/org/xmlunit/xmlunit-core/2.5.1/xmlunit-core-2.5.1.jar:/Users/erlong/.m2/repository/org/springframework/boot/spring-boot-starter-logging/2.0.1.RELEASE/spring-boot-starter-logging-2.0.1.RELEASE.jar:/Users/erlong/.m2/repository/ch/qos/logback/logback-classic/1.2.3/logback-classic-1.2.3.jar:/Users/erlong/.m2/repository/ch/qos/logback/logback-core/1.2.3/logback-core-1.2.3.jar:/Users/erlong/.m2/repository/org/apache/logging/log4j/log4j-to-slf4j/2.10.0/log4j-to-slf4j-2.10.0.jar:/Users/erlong/.m2/repository/org/apache/logging/log4j/log4j-api/2.10.0/log4j-api-2.10.0.jar:/Users/erlong/.m2/repository/org/slf4j/jul-to-slf4j/1.7.25/jul-to-slf4j-1.7.25.jar:/Users/erlong/.m2/repository/org/springframework/cloud/spring-cloud-starter-stream-rabbit/2.0.1.RELEASE/spring-cloud-starter-stream-rabbit-2.0.1.RELEASE.jar:/Users/erlong/.m2/repository/org/springframework/cloud/spring-cloud-stream-binder-rabbit/2.0.1.RELEASE/spring-cloud-stream-binder-rabbit-2.0.1.RELEASE.jar:/Users/erlong/.m2/repository/org/springframework/cloud/spring-cloud-stream-binder-rabbit-core/2.0.1.RELEASE/spring-cloud-stream-binder-rabbit-core-2.0.1.RELEASE.jar:/Users/erlong/.m2/repository/com/rabbitmq/http-client/2.0.1.RELEASE/http-client-2.0.1.RELEASE.jar:/Users/erlong/.m2/repository/org/springframework/spring-web/5.0.5.RELEASE/spring-web-5.0.5.RELEASE.jar:/Users/erlong/.m2/repository/org/springframework/spring-webflux/5.0.5.RELEASE/spring-webflux-5.0.5.RELEASE.jar:/Users/erlong/.m2/repository/org/apache/httpcomponents/httpclient/4.5.5/httpclient-4.5.5.jar:/Users/erlong/.m2/repository/org/apache/httpcomponents/httpcore/4.4.9/httpcore-4.4.9.jar:/Users/erlong/.m2/repository/commons-codec/commons-codec/1.11/commons-codec-1.11.jar:/Users/erlong/.m2/repository/com/fasterxml/jackson/core/jackson-databind/2.9.5/jackson-databind-2.9.5.jar:/Users/erlong/.m2/repository/com/fasterxml/jackson/core/jackson-annotations/2.9.0/jackson-annotations-2.9.0.jar:/Users/erlong/.m2/repository/com/fasterxml/jackson/core/jackson-core/2.9.5/jackson-core-2.9.5.jar:/Users/erlong/.m2/repository/io/projectreactor/ipc/reactor-netty/0.7.6.RELEASE/reactor-netty-0.7.6.RELEASE.jar:/Users/erlong/.m2/repository/io/netty/netty-codec-http/4.1.23.Final/netty-codec-http-4.1.23.Final.jar:/Users/erlong/.m2/repository/io/netty/netty-codec/4.1.23.Final/netty-codec-4.1.23.Final.jar:/Users/erlong/.m2/repository/io/netty/netty-handler/4.1.23.Final/netty-handler-4.1.23.Final.jar:/Users/erlong/.m2/repository/io/netty/netty-buffer/4.1.23.Final/netty-buffer-4.1.23.Final.jar:/Users/erlong/.m2/repository/io/netty/netty-transport/4.1.23.Final/netty-transport-4.1.23.Final.jar:/Users/erlong/.m2/repository/io/netty/netty-resolver/4.1.23.Final/netty-resolver-4.1.23.Final.jar:/Users/erlong/.m2/repository/io/netty/netty-handler-proxy/4.1.23.Final/netty-handler-proxy-4.1.23.Final.jar:/Users/erlong/.m2/repository/io/netty/netty-codec-socks/4.1.23.Final/netty-codec-socks-4.1.23.Final.jar:/Users/erlong/.m2/repository/io/netty/netty-transport-native-epoll/4.1.23.Final/netty-transport-native-epoll-4.1.23.Final.jar:/Users/erlong/.m2/repository/io/netty/netty-common/4.1.23.Final/netty-common-4.1.23.Final.jar:/Users/erlong/.m2/repository/io/netty/netty-transport-native-unix-common/4.1.23.Final/netty-transport-native-unix-common-4.1.23.Final.jar:/Users/erlong/.m2/repository/org/springframework/cloud/spring-cloud-stream/2.0.1.RELEASE/spring-cloud-stream-2.0.1.RELEASE.jar:/Users/erlong/.m2/repository/org/springframework/boot/spring-boot-starter-validation/2.0.1.RELEASE/spring-boot-starter-validation-2.0.1.RELEASE.jar:/Users/erlong/.m2/repository/org/apache/tomcat/embed/tomcat-embed-el/8.5.29/tomcat-embed-el-8.5.29.jar:/Users/erlong/.m2/repository/org/hibernate/validator/hibernate-validator/6.0.9.Final/hibernate-validator-6.0.9.Final.jar:/Users/erlong/.m2/repository/javax/validation/validation-api/2.0.1.Final/validation-api-2.0.1.Final.jar:/Users/erlong/.m2/repository/org/jboss/logging/jboss-logging/3.3.2.Final/jboss-logging-3.3.2.Final.jar:/Users/erlong/.m2/repository/com/fasterxml/classmate/1.3.4/classmate-1.3.4.jar:/Users/erlong/.m2/repository/org/springframework/spring-messaging/5.0.5.RELEASE/spring-messaging-5.0.5.RELEASE.jar:/Users/erlong/.m2/repository/org/springframework/spring-tuple/1.0.0.RELEASE/spring-tuple-1.0.0.RELEASE.jar:/Users/erlong/.m2/repository/com/esotericsoftware/kryo-shaded/3.0.3/kryo-shaded-3.0.3.jar:/Users/erlong/.m2/repository/com/esotericsoftware/minlog/1.3.0/minlog-1.3.0.jar:/Users/erlong/.m2/repository/org/springframework/integration/spring-integration-tuple/1.0.0.RELEASE/spring-integration-tuple-1.0.0.RELEASE.jar:/Users/erlong/.m2/repository/org/springframework/retry/spring-retry/1.2.2.RELEASE/spring-retry-1.2.2.RELEASE.jar:/Users/erlong/.m2/repository/org/springframework/boot/spring-boot-starter-amqp/2.0.1.RELEASE/spring-boot-starter-amqp-2.0.1.RELEASE.jar:/Users/erlong/.m2/repository/org/springframework/amqp/spring-rabbit/2.0.3.RELEASE/spring-rabbit-2.0.3.RELEASE.jar:/Users/erlong/.m2/repository/org/springframework/amqp/spring-amqp/2.0.3.RELEASE/spring-amqp-2.0.3.RELEASE.jar:/Users/erlong/.m2/repository/com/rabbitmq/amqp-client/5.1.2/amqp-client-5.1.2.jar:/Users/erlong/.m2/repository/org/springframework/integration/spring-integration-amqp/5.0.4.RELEASE/spring-integration-amqp-5.0.4.RELEASE.jar:/Users/erlong/.m2/repository/org/springframework/integration/spring-integration-core/5.0.4.RELEASE/spring-integration-core-5.0.4.RELEASE.jar:/Users/erlong/.m2/repository/org/springframework/spring-aop/5.0.5.RELEASE/spring-aop-5.0.5.RELEASE.jar:/Users/erlong/.m2/repository/org/springframework/spring-tx/5.0.5.RELEASE/spring-tx-5.0.5.RELEASE.jar:/Users/erlong/.m2/repository/io/projectreactor/reactor-core/3.1.6.RELEASE/reactor-core-3.1.6.RELEASE.jar:/Users/erlong/.m2/repository/org/reactivestreams/reactive-streams/1.0.2/reactive-streams-1.0.2.jar:/Users/erlong/.m2/repository/org/springframework/integration/spring-integration-jmx/5.0.4.RELEASE/spring-integration-jmx-5.0.4.RELEASE.jar:/Users/erlong/.m2/repository/org/projectlombok/lombok/1.18.10/lombok-1.18.10.jar:, user.name=erlong, java.vm.specification.version=1.8, sun.java.command=/Users/erlong/IdeaProjects/springboot-cloud/cloud-mq-consumer/target/surefire/surefirebooter1701363674269558037.jar /Users/erlong/IdeaProjects/springboot-cloud/cloud-mq-consumer/target/surefire 2020-06-30T16-17-03_449-jvmRun1 surefire3675240761112887395tmp surefire_02388200077514069156tmp, java.home=/Library/Java/JavaVirtualMachines/jdk1.8.0_251.jdk/Contents/Home/jre, sun.arch.data.model=64, user.language=zh, java.specification.vendor=Oracle Corporation, awt.toolkit=sun.lwawt.macosx.LWCToolkit, java.vm.info=mixed mode, java.version=1.8.0_251, java.ext.dirs=/Users/erlong/Library/Java/Extensions:/Library/Java/JavaVirtualMachines/jdk1.8.0_251.jdk/Contents/Home/jre/lib/ext:/Library/Java/Extensions:/Network/Library/Java/Extensions:/System/Library/Java/Extensions:/usr/lib/java, sun.boot.class.path=/Library/Java/JavaVirtualMachines/jdk1.8.0_251.jdk/Contents/Home/jre/lib/resources.jar:/Library/Java/JavaVirtualMachines/jdk1.8.0_251.jdk/Contents/Home/jre/lib/rt.jar:/Library/Java/JavaVirtualMachines/jdk1.8.0_251.jdk/Contents/Home/jre/lib/sunrsasign.jar:/Library/Java/JavaVirtualMachines/jdk1.8.0_251.jdk/Contents/Home/jre/lib/jsse.jar:/Library/Java/JavaVirtualMachines/jdk1.8.0_251.jdk/Contents/Home/jre/lib/jce.jar:/Library/Java/JavaVirtualMachines/jdk1.8.0_251.jdk/Contents/Home/jre/lib/charsets.jar:/Library/Java/JavaVirtualMachines/jdk1.8.0_251.jdk/Contents/Home/jre/lib/jfr.jar:/Library/Java/JavaVirtualMachines/jdk1.8.0_251.jdk/Contents/Home/jre/classes, java.vendor=Oracle Corporation, localRepository=/Users/erlong/.m2/repository, file.separator=/, java.vendor.url.bug=http://bugreport.sun.com/bugreport/, sun.io.unicode.encoding=UnicodeBig, sun.cpu.endian=little, socksNonProxyHosts=local|*.local|169.254/16|*.169.254/16, ftp.nonProxyHosts=local|*.local|169.254/16|*.169.254/16, sun.cpu.isalist=}}, SystemEnvironmentPropertySource@2146303527 {name='systemEnvironment', properties={PATH=/usr/local/bin:/usr/bin:/bin:/usr/sbin:/sbin, SHELL=/bin/zsh, JAVA_MAIN_CLASS_69379=org.codehaus.classworlds.Launcher, OLDPWD=/Users/erlong/IdeaProjects/springboot-cloud/cloud-mq-consumer, USER=erlong, TMPDIR=/var/folders/81/l5gtz_nj7jv7fgm0nwrwwvlw0000gn/T/, SSH_AUTH_SOCK=/private/tmp/com.apple.launchd.wU7hIy7jrz/Listeners, XPC_FLAGS=0x0, JAVA_MAIN_CLASS_69387=org.apache.maven.surefire.booter.ForkedBooter, VERSIONER_PYTHON_VERSION=2.7, __CF_USER_TEXT_ENCODING=0x1F5:0x19:0x34, LOGNAME=erlong, LC_CTYPE=zh_CN.UTF-8, XPC_SERVICE_NAME=0, PWD=/Users/erlong/IdeaProjects/springboot-cloud/cloud-mq-consumer, HOME=/Users/erlong, SHLVL=1, _=/Library/Java/JavaVirtualMachines/jdk1.8.0_251.jdk/Contents/Home/jre/bin/java}}]
16:17:13.642 [main] DEBUG org.springframework.core.env.PropertySourcesPropertyResolver - Could not find key 'spring.profiles.active' in any property source
16:17:13.642 [main] DEBUG org.springframework.core.env.PropertySourcesPropertyResolver - Could not find key 'spring.profiles.default' in any property source
2020-06-30 16:17:13.774  INFO 69387 --- [           main] s.c.a.AnnotationConfigApplicationContext : Refreshing org.springframework.context.annotation.AnnotationConfigApplicationContext@2b8d084: startup date [Tue Jun 30 16:17:13 CST 2020]; parent: org.springframework.context.support.GenericApplicationContext@6e171cd7
2020-06-30 16:17:13.885  INFO 69387 --- [           main] trationDelegate$BeanPostProcessorChecker : Bean 'org.springframework.amqp.rabbit.annotation.RabbitBootstrapConfiguration' of type [org.springframework.amqp.rabbit.annotation.RabbitBootstrapConfiguration$$EnhancerBySpringCGLIB$$1bc13749] is not eligible for getting processed by all BeanPostProcessors (for example: not eligible for auto-proxying)
2020-06-30 16:17:14.112  INFO 69387 --- [           main] o.s.c.support.GenericApplicationContext  : Refreshing org.springframework.context.support.GenericApplicationContext@5ff90645: startup date [Tue Jun 30 16:17:14 CST 2020]; root of context hierarchy
2020-06-30 16:17:14.144  INFO 69387 --- [           main] o.s.c.support.DefaultLifecycleProcessor  : Starting beans in phase 2147483647
2020-06-30 16:17:14.232  INFO 69387 --- [           main] o.s.a.r.c.CachingConnectionFactory       : Attempting to connect to: [localhost:5672]
2020-06-30 16:17:14.257  INFO 69387 --- [           main] o.s.integration.channel.DirectChannel    : Channel 'org.springframework.context.support.GenericApplicationContext@6e171cd7.input' has 1 subscriber(s).
2020-06-30 16:17:14.258  INFO 69387 --- [           main] o.s.c.support.DefaultLifecycleProcessor  : Starting beans in phase 0
2020-06-30 16:17:14.259  INFO 69387 --- [           main] o.s.i.endpoint.EventDrivenConsumer       : Adding {logging-channel-adapter:_org.springframework.integration.errorLogger} as a subscriber to the 'errorChannel' channel
2020-06-30 16:17:14.259  INFO 69387 --- [           main] o.s.i.channel.PublishSubscribeChannel    : Channel 'org.springframework.context.support.GenericApplicationContext@6e171cd7.errorChannel' has 1 subscriber(s).
2020-06-30 16:17:14.259  INFO 69387 --- [           main] o.s.i.endpoint.EventDrivenConsumer       : started _org.springframework.integration.errorLogger
2020-06-30 16:17:14.259  INFO 69387 --- [           main] o.s.c.support.DefaultLifecycleProcessor  : Starting beans in phase 2147482647
2020-06-30 16:17:14.370  INFO 69387 --- [           main] o.s.a.r.c.CachingConnectionFactory       : Attempting to connect to: [localhost:5672]
]]></system-out>
  </testcase>
</testsuite>